#
# A fatal error has been detected by the Java Runtime Environment:
#
#  EXCEPTION_ACCESS_VIOLATION (0xc0000005) at pc=0x000000006169b500, pid=11740, tid=0x00000000000072c4
#
# JRE version: OpenJDK Runtime Environment (8.0) (build 1.8.0-25-microsoft-b00)
# Java VM: OpenJDK 64-Bit Server VM (25.71-b00 mixed mode windows-amd64 compressed oops)
# Problematic frame:
# V  [jvm.dll+0x8b500]
#
# Failed to write core dump. Minidumps are not enabled by default on client versions of Windows
#
# If you would like to submit a bug report, please visit:
#   http://bugreport.java.com/bugreport/crash.jsp
#

---------------  T H R E A D  ---------------

Current thread (0x000000000268d800):  GCTaskThread [stack: 0x00000000121a0000,0x00000000122a0000] [id=29380]

siginfo: ExceptionCode=0xc0000005, reading address 0x0000000003a80378

Registers:
RAX=0x0000000000000001, RBX=0x00000000eef2be10, RCX=0x00000000eef2be10, RDX=0x0000000003a80370
RSP=0x000000001229f818, RBP=0x0000000011b3c281, RSI=0x000000000275eb80, RDI=0x00000000c18500a8
R8 =0x000000000275eb80, R9 =0x0000000000000007, R10=0x0000000000000008, R11=0x00000000f3ba7ff0
R12=0x0000000011b3c201, R13=0x0065004d002f0075, R14=0x0000000000000000, R15=0x00000000026838b0
RIP=0x000000006169b500, EFLAGS=0x0000000000010202

Top of Stack: (sp=0x000000001229f818)
0x000000001229f818:   00000000619debc2 00000000eef2b9f8
0x000000001229f828:   0000000000000003 000000000275eb80
0x000000001229f838:   0000000061dd8f30 00000000f3ba0000
0x000000001229f848:   0000000000001000 00000000caaec030
0x000000001229f858:   0000000000000400 0000000000000000
0x000000001229f868:   000000000275eb00 0000000011b3c201
0x000000001229f878:   00000000619def30 00000000f3ba27dc
0x000000001229f888:   0000000011b3c281 000000000275eb80
0x000000001229f898:   00000000c18500a8 00000000f3ba27dc
0x000000001229f8a8:   00000000619dfad5 00000000000007e0
0x000000001229f8b8:   00007ffc5c3a8ba3 0000000007e00000
0x000000001229f8c8:   00000000619de37b 00000000000025c6
0x000000001229f8d8:   00007ffc5c3a8ba3 0000000000000000
0x000000001229f8e8:   00000000616ffa87 0000000000000048
0x000000001229f8f8:   00007ffc00000001 0000000000000000
0x000000001229f908:   0000000000000000 00000000c18477f8 

Instructions: (pc=0x000000006169b500)
0x000000006169b4e0:   1c 62 1d 00 48 8b 9c 24 c0 00 00 00 48 81 c4 b0
0x000000006169b4f0:   00 00 00 5d c3 cc cc cc cc cc cc cc cc cc cc cc
0x000000006169b500:   44 8b 42 08 4c 8b ca 45 85 c0 7e 0e 41 f6 c0 01
0x000000006169b510:   75 57 41 c1 f8 03 41 8b c0 c3 79 4d 80 3d 4e 39 


Register to memory mapping:

RAX=0x0000000000000001 is an unknown value
RBX=0x00000000eef2be10 is an oop

[error occurred during error reporting (printing register info), id 0xc0000005]

Stack: [0x00000000121a0000,0x00000000122a0000],  sp=0x000000001229f818,  free space=1022k
Native frames: (J=compiled Java code, j=interpreted, Vv=VM code, C=native code)
V  [jvm.dll+0x8b500]


---------------  P R O C E S S  ---------------

Java Threads: ( => current thread )
  0x0000000016b07800 JavaThread "pool-2-thread-1" [_thread_blocked, id=10668, stack(0x00000000176c0000,0x00000000177c0000)]
  0x0000000016af4800 JavaThread "pool-1-thread-1" [_thread_blocked, id=33264, stack(0x00000000175c0000,0x00000000176c0000)]
  0x00000000167f2800 JavaThread "Service Thread" daemon [_thread_blocked, id=22668, stack(0x0000000016bc0000,0x0000000016cc0000)]
  0x0000000014e55800 JavaThread "C1 CompilerThread2" daemon [_thread_blocked, id=24976, stack(0x00000000166c0000,0x00000000167c0000)]
  0x0000000014e4d800 JavaThread "C2 CompilerThread1" daemon [_thread_in_native, id=4728, stack(0x00000000165c0000,0x00000000166c0000)]
  0x0000000014e49000 JavaThread "C2 CompilerThread0" daemon [_thread_blocked, id=29928, stack(0x00000000164c0000,0x00000000165c0000)]
  0x0000000014e47000 JavaThread "Attach Listener" daemon [_thread_blocked, id=20908, stack(0x00000000163c0000,0x00000000164c0000)]
  0x0000000014e45800 JavaThread "Signal Dispatcher" daemon [_thread_blocked, id=20144, stack(0x00000000162c0000,0x00000000163c0000)]
  0x0000000014e2a000 JavaThread "Finalizer" daemon [_thread_blocked, id=25856, stack(0x00000000160a0000,0x00000000161a0000)]
  0x0000000014e29000 JavaThread "Reference Handler" daemon [_thread_blocked, id=10292, stack(0x0000000015fa0000,0x00000000160a0000)]
  0x0000000002672800 JavaThread "main" [_thread_blocked, id=24120, stack(0x00000000024d0000,0x00000000025d0000)]

Other Threads:
  0x0000000014e06800 VMThread [stack: 0x0000000015ea0000,0x0000000015fa0000] [id=34784]
  0x0000000014e9e800 WatcherThread [stack: 0x0000000016cc0000,0x0000000016dc0000] [id=31688]

=>0x000000000268d800 (exited) GCTaskThread [stack: 0x00000000121a0000,0x00000000122a0000] [id=29380]

VM state:at safepoint (normal execution)

VM Mutex/Monitor currently owned by a thread:  ([mutex/lock_event])
[0x000000000266d870] Threads_lock - owner thread: 0x0000000014e06800
[0x000000000266da70] Heap_lock - owner thread: 0x0000000016af4800

heap address: 0x00000000c0000000, size: 1024 MB, Compressed Oops mode: 32-bit
Narrow klass base: 0x0000000000000000, Narrow klass shift: 3
Compressed class space size: 1073741824 Address: 0x0000000100000000

Heap:
 PSYoungGen      total 208384K, used 166853K [0x00000000eab00000, 0x0000000100000000, 0x0000000100000000)
  eden space 147456K, 100% used [0x00000000eab00000,0x00000000f3b00000,0x00000000f3b00000)
  from space 60928K, 31% used [0x00000000fc480000,0x00000000fd771798,0x0000000100000000)
  to   space 100864K, 32% used [0x00000000f3b00000,0x00000000f5ac3890,0x00000000f9d80000)
 ParOldGen       total 324096K, used 179312K [0x00000000c0000000, 0x00000000d3c80000, 0x00000000eab00000)
  object space 324096K, 55% used [0x00000000c0000000,0x00000000caf1c030,0x00000000d3c80000)
 Metaspace       used 6713K, capacity 7350K, committed 7552K, reserved 1056768K
  class space    used 609K, capacity 622K, committed 640K, reserved 1048576K

Card table byte_map: [0x0000000011b30000,0x0000000011d40000] byte_map_base: 0x0000000011530000

Marking Bits: (ParMarkBitMap*) 0x0000000061dd8f30
 Begin Bits: [0x00000000122a0000, 0x00000000132a0000)
 End Bits:   [0x00000000132a0000, 0x00000000142a0000)

Polling page: 0x0000000000ac0000

CodeCache: size=245760Kb used=10654Kb max_used=10664Kb free=235105Kb
 bounds [0x0000000002770000, 0x00000000031f0000, 0x0000000011770000]
 total_blobs=2620 nmethods=2344 adapters=189
 compilation: enabled

Compilation events (10 events):
Event: 5.003 Thread 0x0000000014e55800 2484 %     3       com.android.dx.ssa.back.RegisterAllocator::insertMoveBefore @ 198 (240 bytes)
Event: 5.005 Thread 0x0000000014e55800 nmethod 2484% 0x00000000031b7f10 code [0x00000000031b8380, 0x00000000031bb188]
Event: 5.016 Thread 0x0000000014e49000 nmethod 2467 0x00000000031dfb10 code [0x00000000031dfd20, 0x00000000031e1370]
Event: 5.016 Thread 0x0000000014e49000 2435 %     4       com.android.dx.ssa.SsaMethod::makeExitBlock @ 69 (134 bytes)
Event: 5.031 Thread 0x0000000014e49000 nmethod 2435% 0x00000000031e2610 code [0x00000000031e27c0, 0x00000000031e34c8]
Event: 5.031 Thread 0x0000000014e49000 2420       4       com.android.dx.ssa.DeadCodeRemover::run (194 bytes)
Event: 5.047 Thread 0x0000000014e55800 2485       2       java.lang.Class::getGenericInfo (52 bytes)
Event: 5.047 Thread 0x0000000014e55800 nmethod 2485 0x00000000031b7590 code [0x00000000031b7720, 0x00000000031b7b48]
Event: 5.048 Thread 0x0000000014e55800 2486       2       sun.reflect.generics.repository.ClassRepository::getSuperInterfaces (77 bytes)
Event: 5.048 Thread 0x0000000014e55800 nmethod 2486 0x00000000031b6c50 code [0x00000000031b6de0, 0x00000000031b7298]

GC Heap History (10 events):
Event: 2.286 GC heap after
Heap after GC invocations=5 (full 0):
 PSYoungGen      total 272896K, used 10752K [0x00000000eab00000, 0x0000000100000000, 0x0000000100000000)
  eden space 262144K, 0% used [0x00000000eab00000,0x00000000eab00000,0x00000000fab00000)
  from space 10752K, 100% used [0x00000000fab00000,0x00000000fb580000,0x00000000fb580000)
  to   space 53248K, 0% used [0x00000000fcc00000,0x00000000fcc00000,0x0000000100000000)
 ParOldGen       total 175104K, used 87312K [0x00000000c0000000, 0x00000000cab00000, 0x00000000eab00000)
  object space 175104K, 49% used [0x00000000c0000000,0x00000000c5544198,0x00000000cab00000)
 Metaspace       used 6683K, capacity 7350K, committed 7552K, reserved 1056768K
  class space    used 609K, capacity 622K, committed 640K, reserved 1048576K
}
Event: 2.788 GC heap before
{Heap before GC invocations=6 (full 0):
 PSYoungGen      total 272896K, used 272896K [0x00000000eab00000, 0x0000000100000000, 0x0000000100000000)
  eden space 262144K, 100% used [0x00000000eab00000,0x00000000fab00000,0x00000000fab00000)
  from space 10752K, 100% used [0x00000000fab00000,0x00000000fb580000,0x00000000fb580000)
  to   space 53248K, 0% used [0x00000000fcc00000,0x00000000fcc00000,0x0000000100000000)
 ParOldGen       total 175104K, used 87312K [0x00000000c0000000, 0x00000000cab00000, 0x00000000eab00000)
  object space 175104K, 49% used [0x00000000c0000000,0x00000000c5544198,0x00000000cab00000)
 Metaspace       used 6692K, capacity 7350K, committed 7552K, reserved 1056768K
  class space    used 609K, capacity 622K, committed 640K, reserved 1048576K
Event: 2.857 GC heap after
Heap after GC invocations=6 (full 0):
 PSYoungGen      total 280576K, used 49337K [0x00000000eab00000, 0x0000000100000000, 0x0000000100000000)
  eden space 227328K, 0% used [0x00000000eab00000,0x00000000eab00000,0x00000000f8900000)
  from space 53248K, 92% used [0x00000000fcc00000,0x00000000ffc2e478,0x0000000100000000)
  to   space 60928K, 0% used [0x00000000f8900000,0x00000000f8900000,0x00000000fc480000)
 ParOldGen       total 175104K, used 87312K [0x00000000c0000000, 0x00000000cab00000, 0x00000000eab00000)
  object space 175104K, 49% used [0x00000000c0000000,0x00000000c5544198,0x00000000cab00000)
 Metaspace       used 6692K, capacity 7350K, committed 7552K, reserved 1056768K
  class space    used 609K, capacity 622K, committed 640K, reserved 1048576K
}
Event: 3.256 GC heap before
{Heap before GC invocations=7 (full 0):
 PSYoungGen      total 280576K, used 276665K [0x00000000eab00000, 0x0000000100000000, 0x0000000100000000)
  eden space 227328K, 100% used [0x00000000eab00000,0x00000000f8900000,0x00000000f8900000)
  from space 53248K, 92% used [0x00000000fcc00000,0x00000000ffc2e478,0x0000000100000000)
  to   space 60928K, 0% used [0x00000000f8900000,0x00000000f8900000,0x00000000fc480000)
 ParOldGen       total 175104K, used 87312K [0x00000000c0000000, 0x00000000cab00000, 0x00000000eab00000)
  object space 175104K, 49% used [0x00000000c0000000,0x00000000c5544198,0x00000000cab00000)
 Metaspace       used 6695K, capacity 7350K, committed 7552K, reserved 1056768K
  class space    used 609K, capacity 622K, committed 640K, reserved 1048576K
Event: 3.340 GC heap after
Heap after GC invocations=7 (full 0):
 PSYoungGen      total 288256K, used 60896K [0x00000000eab00000, 0x0000000100000000, 0x0000000100000000)
  eden space 227328K, 0% used [0x00000000eab00000,0x00000000eab00000,0x00000000f8900000)
  from space 60928K, 99% used [0x00000000f8900000,0x00000000fc478020,0x00000000fc480000)
  to   space 60928K, 0% used [0x00000000fc480000,0x00000000fc480000,0x0000000100000000)
 ParOldGen       total 175104K, used 107974K [0x00000000c0000000, 0x00000000cab00000, 0x00000000eab00000)
  object space 175104K, 61% used [0x00000000c0000000,0x00000000c6971b90,0x00000000cab00000)
 Metaspace       used 6695K, capacity 7350K, committed 7552K, reserved 1056768K
  class space    used 609K, capacity 622K, committed 640K, reserved 1048576K
}
Event: 3.734 GC heap before
{Heap before GC invocations=8 (full 0):
 PSYoungGen      total 288256K, used 288224K [0x00000000eab00000, 0x0000000100000000, 0x0000000100000000)
  eden space 227328K, 100% used [0x00000000eab00000,0x00000000f8900000,0x00000000f8900000)
  from space 60928K, 99% used [0x00000000f8900000,0x00000000fc478020,0x00000000fc480000)
  to   space 60928K, 0% used [0x00000000fc480000,0x00000000fc480000,0x0000000100000000)
 ParOldGen       total 175104K, used 107974K [0x00000000c0000000, 0x00000000cab00000, 0x00000000eab00000)
  object space 175104K, 61% used [0x00000000c0000000,0x00000000c6971b90,0x00000000cab00000)
 Metaspace       used 6702K, capacity 7350K, committed 7552K, reserved 1056768K
  class space    used 609K, capacity 622K, committed 640K, reserved 1048576K
Event: 3.841 GC heap after
Heap after GC invocations=8 (full 0):
 PSYoungGen      total 208384K, used 60924K [0x00000000eab00000, 0x0000000100000000, 0x0000000100000000)
  eden space 147456K, 0% used [0x00000000eab00000,0x00000000eab00000,0x00000000f3b00000)
  from space 60928K, 99% used [0x00000000fc480000,0x00000000fffff068,0x0000000100000000)
  to   space 100864K, 0% used [0x00000000f3b00000,0x00000000f3b00000,0x00000000f9d80000)
 ParOldGen       total 175104K, used 140692K [0x00000000c0000000, 0x00000000cab00000, 0x00000000eab00000)
  object space 175104K, 80% used [0x00000000c0000000,0x00000000c8965010,0x00000000cab00000)
 Metaspace       used 6702K, capacity 7350K, committed 7552K, reserved 1056768K
  class space    used 609K, capacity 622K, committed 640K, reserved 1048576K
}
Event: 3.841 GC heap before
{Heap before GC invocations=9 (full 1):
 PSYoungGen      total 208384K, used 60924K [0x00000000eab00000, 0x0000000100000000, 0x0000000100000000)
  eden space 147456K, 0% used [0x00000000eab00000,0x00000000eab00000,0x00000000f3b00000)
  from space 60928K, 99% used [0x00000000fc480000,0x00000000fffff068,0x0000000100000000)
  to   space 100864K, 0% used [0x00000000f3b00000,0x00000000f3b00000,0x00000000f9d80000)
 ParOldGen       total 175104K, used 140692K [0x00000000c0000000, 0x00000000cab00000, 0x00000000eab00000)
  object space 175104K, 80% used [0x00000000c0000000,0x00000000c8965010,0x00000000cab00000)
 Metaspace       used 6702K, capacity 7350K, committed 7552K, reserved 1056768K
  class space    used 609K, capacity 622K, committed 640K, reserved 1048576K
Event: 4.814 GC heap after
Heap after GC invocations=9 (full 1):
 PSYoungGen      total 208384K, used 19397K [0x00000000eab00000, 0x0000000100000000, 0x0000000100000000)
  eden space 147456K, 0% used [0x00000000eab00000,0x00000000eab00000,0x00000000f3b00000)
  from space 60928K, 31% used [0x00000000fc480000,0x00000000fd771798,0x0000000100000000)
  to   space 100864K, 0% used [0x00000000f3b00000,0x00000000f3b00000,0x00000000f9d80000)
 ParOldGen       total 324096K, used 175024K [0x00000000c0000000, 0x00000000d3c80000, 0x00000000eab00000)
  object space 324096K, 54% used [0x00000000c0000000,0x00000000caaec030,0x00000000d3c80000)
 Metaspace       used 6702K, capacity 7350K, committed 7552K, reserved 1056768K
  class space    used 609K, capacity 622K, committed 640K, reserved 1048576K
}
Event: 5.065 GC heap before
{Heap before GC invocations=10 (full 1):
 PSYoungGen      total 208384K, used 166853K [0x00000000eab00000, 0x0000000100000000, 0x0000000100000000)
  eden space 147456K, 100% used [0x00000000eab00000,0x00000000f3b00000,0x00000000f3b00000)
  from space 60928K, 31% used [0x00000000fc480000,0x00000000fd771798,0x0000000100000000)
  to   space 100864K, 0% used [0x00000000f3b00000,0x00000000f3b00000,0x00000000f9d80000)
 ParOldGen       total 324096K, used 175024K [0x00000000c0000000, 0x00000000d3c80000, 0x00000000eab00000)
  object space 324096K, 54% used [0x00000000c0000000,0x00000000caaec030,0x00000000d3c80000)
 Metaspace       used 6713K, capacity 7350K, committed 7552K, reserved 1056768K
  class space    used 609K, capacity 622K, committed 640K, reserved 1048576K

Deoptimization events (10 events):
Event: 1.700 Thread 0x0000000002672800 Uncommon trap: reason=class_check action=maybe_recompile pc=0x0000000002f87248 method=java.util.concurrent.ConcurrentHashMap.get(Ljava/lang/Object;)Ljava/lang/Object; @ 93
Event: 1.793 Thread 0x0000000002672800 Uncommon trap: reason=unstable_if action=reinterpret pc=0x0000000002fa8dcc method=com.android.dx.rop.code.RegisterSpec.equals(ILcom/android/dx/rop/type/TypeBearer;Lcom/android/dx/rop/code/LocalItem;)Z @ 42
Event: 2.163 Thread 0x0000000002672800 Uncommon trap: reason=unstable_if action=reinterpret pc=0x00000000030beab4 method=com.android.dx.ssa.NormalSsaInsn.getLocalAssignment()Lcom/android/dx/rop/code/RegisterSpec; @ 12
Event: 2.163 Thread 0x0000000002672800 Uncommon trap: reason=unstable_if action=reinterpret pc=0x0000000002aba768 method=com.android.dx.ssa.NormalSsaInsn.getLocalAssignment()Lcom/android/dx/rop/code/RegisterSpec; @ 12
Event: 2.305 Thread 0x0000000002672800 Uncommon trap: reason=unstable_if action=reinterpret pc=0x0000000002ffccf4 method=java.util.HashMap.getNode(ILjava/lang/Object;)Ljava/util/HashMap$Node; @ 143
Event: 2.362 Thread 0x0000000016af4800 Uncommon trap: reason=class_check action=maybe_recompile pc=0x0000000002fbc49c method=java.util.HashMap.getNode(ILjava/lang/Object;)Ljava/util/HashMap$Node; @ 126
Event: 2.362 Thread 0x0000000016af4800 Uncommon trap: reason=class_check action=maybe_recompile pc=0x0000000002fbc49c method=java.util.HashMap.getNode(ILjava/lang/Object;)Ljava/util/HashMap$Node; @ 126
Event: 2.459 Thread 0x0000000016af4800 Uncommon trap: reason=class_check action=maybe_recompile pc=0x0000000002fbc49c method=java.util.HashMap.getNode(ILjava/lang/Object;)Ljava/util/HashMap$Node; @ 126
Event: 3.517 Thread 0x0000000002672800 Uncommon trap: reason=unstable_if action=reinterpret pc=0x00000000030e93f4 method=java.util.HashMap.getNode(ILjava/lang/Object;)Ljava/util/HashMap$Node; @ 84
Event: 4.892 Thread 0x0000000002672800 Uncommon trap: reason=unstable_if action=reinterpret pc=0x000000000301e750 method=com.android.dx.rop.code.DexTranslationAdvice.hasConstantOperation(Lcom/android/dx/rop/code/Rop;Lcom/android/dx/rop/code/RegisterSpec;Lcom/android/dx/rop/code/RegisterSpec;)Z

Classes redefined (0 events):
No events

Internal exceptions (6 events):
Event: 0.029 Thread 0x0000000002672800 Exception <a 'java/lang/NoSuchMethodError': Method sun.misc.Unsafe.defineClass(Ljava/lang/String;[BII)Ljava/lang/Class; name or signature does not match> (0x00000000eab07cb0) thrown at [D:\j\worksp~1\openjd~3\jdk8u\hotspot\src\share\vm\prims\jni.cpp, line
Event: 0.029 Thread 0x0000000002672800 Exception <a 'java/lang/NoSuchMethodError': Method sun.misc.Unsafe.prefetchRead(Ljava/lang/Object;J)V name or signature does not match> (0x00000000eab07f98) thrown at [D:\j\worksp~1\openjd~3\jdk8u\hotspot\src\share\vm\prims\jni.cpp, line 4012]
Event: 0.741 Thread 0x0000000002672800 Implicit null exception at 0x0000000002a28ca2 to 0x0000000002a28d9a
Event: 1.631 Thread 0x0000000016af4800 Exception <a 'java/lang/ArrayIndexOutOfBoundsException': 18> (0x00000000eb2fe2d0) thrown at [D:\j\worksp~1\openjd~3\jdk8u\hotspot\src\share\vm\interpreter\interpreterRuntime.cpp, line 368]
Event: 1.632 Thread 0x0000000016af4800 Exception <a 'java/lang/ArrayIndexOutOfBoundsException'> (0x00000000eb2ffe50) thrown at [D:\j\worksp~1\openjd~3\jdk8u\hotspot\src\share\vm\runtime\sharedRuntime.cpp, line 605]
Event: 1.632 Thread 0x0000000016af4800 Exception <a 'java/lang/ArrayIndexOutOfBoundsException'> (0x00000000eb301138) thrown at [D:\j\worksp~1\openjd~3\jdk8u\hotspot\src\share\vm\runtime\sharedRuntime.cpp, line 605]

Events (10 events):
Event: 5.033 Thread 0x0000000002672800 DEOPT UNPACKING pc=0x00000000027b75d0 sp=0x00000000025cdcf0 mode 0
Event: 5.036 Thread 0x0000000016af4800 DEOPT PACKING pc=0x0000000002a939f0 sp=0x00000000176be720
Event: 5.036 Thread 0x0000000016af4800 DEOPT UNPACKING pc=0x00000000027b75d0 sp=0x00000000176be468 mode 0
Event: 5.039 Thread 0x0000000016af4800 DEOPT PACKING pc=0x00000000030cea75 sp=0x00000000176be620
Event: 5.039 Thread 0x0000000016af4800 DEOPT UNPACKING pc=0x00000000027b75d0 sp=0x00000000176be388 mode 0
Event: 5.051 Thread 0x0000000016af4800 DEOPT PACKING pc=0x0000000002b66cf9 sp=0x00000000176be6e0
Event: 5.051 Thread 0x0000000016af4800 DEOPT UNPACKING pc=0x00000000027b75d0 sp=0x00000000176be510 mode 0
Event: 5.056 Thread 0x0000000002672800 DEOPT PACKING pc=0x0000000002a939f0 sp=0x00000000025cdfb0
Event: 5.056 Thread 0x0000000002672800 DEOPT UNPACKING pc=0x00000000027b75d0 sp=0x00000000025cdcf8 mode 0
Event: 5.065 Executing VM operation: ParallelGCFailedAllocation


Dynamic libraries:
0x00007ff7c1b10000 - 0x00007ff7c1b45000 	C:\Program Files\Android\jdk\microsoft_dist_openjdk_1.8.0.25\bin\java.exe
0x00007ffc5e720000 - 0x00007ffc5e910000 	C:\WINDOWS\SYSTEM32\ntdll.dll
0x00007ffc5cf20000 - 0x00007ffc5cfd2000 	C:\WINDOWS\System32\KERNEL32.DLL
0x00007ffc5c370000 - 0x00007ffc5c613000 	C:\WINDOWS\System32\KERNELBASE.dll
0x00007ffc5dce0000 - 0x00007ffc5dd83000 	C:\WINDOWS\System32\ADVAPI32.dll
0x00007ffc5c7d0000 - 0x00007ffc5c86e000 	C:\WINDOWS\System32\msvcrt.dll
0x00007ffc5e160000 - 0x00007ffc5e1f7000 	C:\WINDOWS\System32\sechost.dll
0x00007ffc5d6e0000 - 0x00007ffc5d800000 	C:\WINDOWS\System32\RPCRT4.dll
0x00007ffc5cc20000 - 0x00007ffc5cdb4000 	C:\WINDOWS\System32\USER32.dll
0x00007ffc5c7a0000 - 0x00007ffc5c7c1000 	C:\WINDOWS\System32\win32u.dll
0x00007ffc5e360000 - 0x00007ffc5e386000 	C:\WINDOWS\System32\GDI32.dll
0x00007ffc5c0c0000 - 0x00007ffc5c254000 	C:\WINDOWS\System32\gdi32full.dll
0x00007ffc5be30000 - 0x00007ffc5bece000 	C:\WINDOWS\System32\msvcp_win.dll
0x00007ffc5bfc0000 - 0x00007ffc5c0ba000 	C:\WINDOWS\System32\ucrtbase.dll
0x00007ffc5aaa0000 - 0x00007ffc5ad25000 	C:\WINDOWS\WinSxS\amd64_microsoft.windows.common-controls_6595b64144ccf1df_6.0.18362.476_none_e6c4b11b130f2595\COMCTL32.dll
0x00007ffc5c870000 - 0x00007ffc5cba6000 	C:\WINDOWS\System32\combase.dll
0x00007ffc5bf40000 - 0x00007ffc5bfc0000 	C:\WINDOWS\System32\bcryptPrimitives.dll
0x00007ffc5e200000 - 0x00007ffc5e22e000 	C:\WINDOWS\System32\IMM32.DLL
0x0000000061e60000 - 0x0000000061f31000 	C:\Program Files\Android\jdk\microsoft_dist_openjdk_1.8.0.25\jre\bin\msvcr100.dll
0x0000000061610000 - 0x0000000061e55000 	C:\Program Files\Android\jdk\microsoft_dist_openjdk_1.8.0.25\jre\bin\server\jvm.dll
0x00007ffc5cfe0000 - 0x00007ffc5cfe8000 	C:\WINDOWS\System32\PSAPI.DLL
0x00007ffc482b0000 - 0x00007ffc482b9000 	C:\WINDOWS\SYSTEM32\WSOCK32.dll
0x00007ffc58640000 - 0x00007ffc58664000 	C:\WINDOWS\SYSTEM32\WINMM.dll
0x00007ffc4ff20000 - 0x00007ffc4ff2a000 	C:\WINDOWS\SYSTEM32\VERSION.dll
0x00007ffc5cbb0000 - 0x00007ffc5cc1f000 	C:\WINDOWS\System32\WS2_32.dll
0x00007ffc58610000 - 0x00007ffc5863d000 	C:\WINDOWS\SYSTEM32\winmmbase.dll
0x00007ffc5bed0000 - 0x00007ffc5bf1a000 	C:\WINDOWS\System32\cfgmgr32.dll
0x00007ffc58fc0000 - 0x00007ffc58fcf000 	C:\Program Files\Android\jdk\microsoft_dist_openjdk_1.8.0.25\jre\bin\verify.dll
0x00007ffc2db60000 - 0x00007ffc2db89000 	C:\Program Files\Android\jdk\microsoft_dist_openjdk_1.8.0.25\jre\bin\java.dll
0x00007ffc31440000 - 0x00007ffc31456000 	C:\Program Files\Android\jdk\microsoft_dist_openjdk_1.8.0.25\jre\bin\zip.dll
0x00007ffc5cff0000 - 0x00007ffc5d6d5000 	C:\WINDOWS\System32\SHELL32.dll
0x00007ffc5e5d0000 - 0x00007ffc5e679000 	C:\WINDOWS\System32\shcore.dll
0x00007ffc5b6b0000 - 0x00007ffc5be2e000 	C:\WINDOWS\System32\windows.storage.dll
0x00007ffc5b600000 - 0x00007ffc5b61f000 	C:\WINDOWS\System32\profapi.dll
0x00007ffc5b640000 - 0x00007ffc5b68a000 	C:\WINDOWS\System32\powrprof.dll
0x00007ffc5b5f0000 - 0x00007ffc5b600000 	C:\WINDOWS\System32\UMPDC.dll
0x00007ffc5e680000 - 0x00007ffc5e6d2000 	C:\WINDOWS\System32\shlwapi.dll
0x00007ffc5b690000 - 0x00007ffc5b6a1000 	C:\WINDOWS\System32\kernel.appcore.dll
0x00007ffc5bf20000 - 0x00007ffc5bf37000 	C:\WINDOWS\System32\cryptsp.dll
0x00007ffc5b110000 - 0x00007ffc5b304000 	C:\WINDOWS\SYSTEM32\dbghelp.dll

VM Arguments:
jvm_args: -Dfile.encoding=UTF8 -Xmx1G 
java_command: C:\Program Files (x86)\Android\android-sdk\build-tools\28.0.3\\lib\dx.jar --dex --no-strict --input-list=C:\Users\dojeda\AppData\Local\Temp\tmpBFD2.tmp --output obj\Debug\90\android\bin
java_class_path (initial): C:\Program Files (x86)\Android\android-sdk\build-tools\28.0.3\\lib\dx.jar
Launcher Type: SUN_STANDARD

Environment Variables:
JAVA_HOME=C:\Program Files\Android\jdk\microsoft_dist_openjdk_1.8.0.25
PATH=C:\Program Files\Android\jdk\microsoft_dist_openjdk_1.8.0.25\bin;C:\ProgramData\Oracle\Java\javapath;C:\Program Files (x86)\Intel\iCLS Client\;C:\Program Files\Intel\iCLS Client\;C:\WINDOWS\system32;C:\WINDOWS;C:\WINDOWS\System32\Wbem;C:\WINDOWS\System32\WindowsPowerShell\v1.0\;C:\Program Files\Intel\Intel(R) Management Engine Components\DAL;C:\Program Files\Intel\Intel(R) Management Engine Components\IPT;C:\Program Files (x86)\Intel\Intel(R) Management Engine Components\DAL;C:\Program Files (x86)\Intel\Intel(R) Management Engine Components\IPT;C:\ProgramData\Lenovo\ReadyApps;C:\Program Files\Intel\WiFi\bin\;C:\Program Files\Common Files\Intel\WirelessCommon\;C:\Program Files\Microsoft SQL Server\120\Tools\Binn\;C:\Program Files\Microsoft SQL Server\130\Tools\Binn\;C:\Program Files\Microsoft SQL Server\Client SDK\ODBC\110\Tools\Binn\;C:\Program Files (x86)\Microsoft SQL Server\120\Tools\Binn\;C:\Program Files\Microsoft SQL Server\120\DTS\Binn\;C:\Program Files (x86)\Microsoft SQL Server\120\Tools\Binn\ManagementStudio\;C:\Program Files (x86)\Microsoft SQL Server\120\DTS\Binn\;C:\WINDOWS\System32\OpenSSH\;C:\Program Files (x86)\Microsoft Emulator Manager\1.0\;C:\Program Files\dotnet\;C:\Program Files (x86)\Java\jdk1.8.0_181\bin;C:\Program Files\Git\cmd;C:\Program Files\Microsoft SQL Server\Client SDK\ODBC\170\Tools\Binn\;C:\Program Files\nodejs\;C:\Program Files (x86)\Yarn\bin\;C:\Users\dojeda\AppData\Local\Microsoft\WindowsApps;C:\Users\dojeda\.dotnet\tools;C:\Users\dojeda\AppData\Local\Programs\Fiddler;C:\Users\dojeda\AppData\Local\atom\bin;C:\Users\dojeda\AppData\Roaming\npm;C:\Users\dojeda\AppData\Local\Yarn\bin;C:\Users\dojeda\AppData\Local\Programs\Microsoft VS Code\bin;C:\Users\dojeda\AppData\Local\Microsoft\WindowsApps;;C:\Users\dojeda\.nuget\packages\newtonsoft.json\9.0.1\tools
USERNAME=dojeda
OS=Windows_NT
PROCESSOR_IDENTIFIER=Intel64 Family 6 Model 60 Stepping 3, GenuineIntel



---------------  S Y S T E M  ---------------

OS: Windows 10.0 , 64 bit Build 18362 (10.0.18362.329)

CPU:total 4 (initial active 4) (4 cores per cpu, 1 threads per core) family 6 model 60 stepping 3, cmov, cx8, fxsr, mmx, sse, sse2, sse3, ssse3, sse4.1, sse4.2, popcnt, avx, avx2, aes, clmul, erms, lzcnt, tsc, tscinvbit, bmi1, bmi2

Memory: 4k page, physical 16664336k(3796248k free), swap 27615320k(3998124k free)

vm_info: OpenJDK 64-Bit Server VM (25.71-b00) for windows-amd64 JRE (1.8.0-25-microsoft-b00), built on Feb  7 2019 20:09:14 by "builder" with MS VC++ 10.0 (VS2010)

time: Mon Nov 18 14:38:17 2019
timezone: Hora estándar romance
elapsed time: 5 seconds (0d 0h 0m 5s)

