#
# A fatal error has been detected by the Java Runtime Environment:
#
#  EXCEPTION_ACCESS_VIOLATION (0xc0000005) at pc=0x000000006dc75878, pid=13232, tid=0x0000000000007284
#
# JRE version: OpenJDK Runtime Environment (8.0) (build 1.8.0-25-microsoft-b00)
# Java VM: OpenJDK 64-Bit Server VM (25.71-b00 mixed mode windows-amd64 compressed oops)
# Problematic frame:
# V  [jvm.dll+0x115878]
#
# Failed to write core dump. Minidumps are not enabled by default on client versions of Windows
#
# If you would like to submit a bug report, please visit:
#   http://bugreport.java.com/bugreport/crash.jsp
#

---------------  T H R E A D  ---------------

Current thread (0x0000000002c98800):  GCTaskThread [stack: 0x00000000124b0000,0x00000000125b0000] [id=29316]

siginfo: ExceptionCode=0xc0000005, reading address 0xffffffffffffffff

Registers:
RAX=0x00000000128b0000, RBX=0x000000000000004d, RCX=0x0000000000000000, RDX=0x0000000000000000
RSP=0x00000000125af430, RBP=0x0000000002d6c530, RSI=0x00000000c4b958bc, RDI=0x0000000000000400
R8 =0x007fffffffa00002, R9 =0x0000000002d6c530, R10=0x0000000000000054, R11=0x00000000c4b87970
R12=0x00000000c4b959c0, R13=0x0000000000000060, R14=0x00000000c4b95830, R15=0x0000000000000060
RIP=0x000000006dc75878, EFLAGS=0x0000000000010246

Top of Stack: (sp=0x00000000125af430)
0x00000000125af430:   0000000015a152e0 000000006dc4f796
0x00000000125af440:   00000000c4b95830 00000000c4b952ac
0x00000000125af450:   0000000002d6c530 000000006dc75993
0x00000000125af460:   0000000000000000 0000000002c991e0
0x00000000125af470:   0000000002c8f0e0 00000000125af5a9
0x00000000125af480:   000000000000004d 000000006df25f80
0x00000000125af490:   0000000002d6c530 0000000002d6c530
0x00000000125af4a0:   000000006e178838 000000006e178838
0x00000000125af4b0:   0000000015a15100 00000000125af5a9
0x00000000125af4c0:   0000000000000000 0000000000000004
0x00000000125af4d0:   0000000002d6c530 000000006dc4e292
0x00000000125af4e0:   00000000c28e6b38 0000000000000000
0x00000000125af4f0:   0000000000000000 0000000002c8f0e0
0x00000000125af500:   0000000002c991f0 0000000002c991e0
0x00000000125af510:   000000006e178838 0000000002d6c530
0x00000000125af520:   0000000000000000 00000000125af5a9 

Instructions: (pc=0x000000006dc75878)
0x000000006dc75858:   05 d3 36 6b 00 49 c1 e8 03 49 d3 e8 41 0f b6 c0
0x000000006dc75868:   49 c1 e8 06 24 3f 0f b6 d0 48 8b 05 e8 36 6b 00
0x000000006dc75878:   4a 8b 0c c0 48 0f a3 d1 72 3e 48 8b cf e8 36 1d
0x000000006dc75888:   fd ff 84 c0 74 32 48 8b d7 48 8b cd e8 77 dd fc 


Register to memory mapping:

RAX=0x00000000128b0000 is an unknown value
RBX=0x000000000000004d is an unknown value
RCX=0x0000000000000000 is an unknown value
RDX=0x0000000000000000 is an unknown value
RSP=0x00000000125af430 is an unknown value
RBP=0x0000000002d6c530 is an unknown value
RSI=0x00000000c4b958bc is pointing into object: 0x00000000c4b95830
[Lcom.android.dx.dex.code.CodeAddress; 
 - klass: 'com/android/dx/dex/code/CodeAddress'[]
 - length: 96
RDI=0x0000000000000400 is an unknown value
R8 =0x007fffffffa00002 is an unknown value
R9 =0x0000000002d6c530 is an unknown value
R10=0x0000000000000054 is an unknown value
R11=0x00000000c4b87970 is an oop
com.android.dx.dex.code.CodeAddress 
 - klass: 'com/android/dx/dex/code/CodeAddress'
R12=0x00000000c4b959c0 is an oop
com.android.dx.dex.file.EncodedMethod 
 - klass: 'com/android/dx/dex/file/EncodedMethod'
R13=0x0000000000000060 is an unknown value
R14=0x00000000c4b95830 is an oop
[Lcom.android.dx.dex.code.CodeAddress; 
 - klass: 'com/android/dx/dex/code/CodeAddress'[]
 - length: 96
R15=0x0000000000000060 is an unknown value


Stack: [0x00000000124b0000,0x00000000125b0000],  sp=0x00000000125af430,  free space=1021k
Native frames: (J=compiled Java code, j=interpreted, Vv=VM code, C=native code)
V  [jvm.dll+0x115878]
V  [jvm.dll+0x3c5f80]
V  [jvm.dll+0x3c2ef0]
V  [jvm.dll+0x3c0aae]
V  [jvm.dll+0x26f65a]
C  [msvcr100.dll+0x21db7]
C  [msvcr100.dll+0x21e53]
C  [KERNEL32.DLL+0x17bd4]
C  [ntdll.dll+0x6ced1]


---------------  P R O C E S S  ---------------

Java Threads: ( => current thread )
  0x00000000170a9800 JavaThread "pool-2-thread-1" [_thread_blocked, id=19164, stack(0x00000000174d0000,0x00000000175d0000)]
  0x00000000170dc800 JavaThread "pool-1-thread-1" [_thread_blocked, id=30740, stack(0x00000000173d0000,0x00000000174d0000)]
  0x0000000016e08800 JavaThread "Service Thread" daemon [_thread_blocked, id=11860, stack(0x00000000171d0000,0x00000000172d0000)]
  0x000000001546a000 JavaThread "C1 CompilerThread2" daemon [_thread_blocked, id=16876, stack(0x0000000016cd0000,0x0000000016dd0000)]
  0x000000001545f000 JavaThread "C2 CompilerThread1" daemon [_thread_in_native, id=23424, stack(0x0000000016bd0000,0x0000000016cd0000)]
  0x000000001545a800 JavaThread "C2 CompilerThread0" daemon [_thread_blocked, id=12304, stack(0x0000000016ad0000,0x0000000016bd0000)]
  0x0000000015458800 JavaThread "Attach Listener" daemon [_thread_blocked, id=1708, stack(0x00000000169d0000,0x0000000016ad0000)]
  0x0000000015455800 JavaThread "Signal Dispatcher" daemon [_thread_blocked, id=19664, stack(0x00000000168d0000,0x00000000169d0000)]
  0x0000000002d7d800 JavaThread "Finalizer" daemon [_thread_blocked, id=18896, stack(0x00000000166b0000,0x00000000167b0000)]
  0x0000000015439000 JavaThread "Reference Handler" daemon [_thread_blocked, id=20932, stack(0x00000000165b0000,0x00000000166b0000)]
  0x0000000002c82800 JavaThread "main" [_thread_blocked, id=26692, stack(0x0000000002b80000,0x0000000002c80000)]

Other Threads:
  0x0000000015417000 VMThread [stack: 0x00000000164b0000,0x00000000165b0000] [id=18240]
  0x00000000154ae800 WatcherThread [stack: 0x00000000172d0000,0x00000000173d0000] [id=12632]

=>0x0000000002c98800 (exited) GCTaskThread [stack: 0x00000000124b0000,0x00000000125b0000] [id=29316]

VM state:at safepoint (normal execution)

VM Mutex/Monitor currently owned by a thread:  ([mutex/lock_event])
[0x000000000128e280] Threads_lock - owner thread: 0x0000000015417000
[0x000000000128df80] Heap_lock - owner thread: 0x00000000170dc800

heap address: 0x00000000c0000000, size: 1024 MB, Compressed Oops mode: 32-bit
Narrow klass base: 0x0000000000000000, Narrow klass shift: 3
Compressed class space size: 1073741824 Address: 0x0000000100000000

Heap:
 PSYoungGen      total 206848K, used 61408K [0x00000000eab00000, 0x0000000100000000, 0x0000000100000000)
  eden space 145408K, 0% used [0x00000000eab00000,0x00000000eab00000,0x00000000f3900000)
  from space 61440K, 99% used [0x00000000fc400000,0x00000000ffff8010,0x0000000100000000)
  to   space 101888K, 0% used [0x00000000f3900000,0x00000000f3900000,0x00000000f9c80000)
 ParOldGen       total 175104K, used 141090K [0x00000000c0000000, 0x00000000cab00000, 0x00000000eab00000)
  object space 175104K, 80% used [0x00000000c0000000,0x00000000c89c8918,0x00000000cab00000)
 Metaspace       used 6699K, capacity 7350K, committed 7552K, reserved 1056768K
  class space    used 610K, capacity 622K, committed 640K, reserved 1048576K

Card table byte_map: [0x0000000012140000,0x0000000012350000] byte_map_base: 0x0000000011b40000

Marking Bits: (ParMarkBitMap*) 0x000000006e328f30
 Begin Bits: [0x00000000128b0000, 0x00000000138b0000)
 End Bits:   [0x00000000138b0000, 0x00000000148b0000)

Polling page: 0x0000000001220000

CodeCache: size=245760Kb used=10246Kb max_used=10263Kb free=235513Kb
 bounds [0x0000000002d80000, 0x0000000003790000, 0x0000000011d80000]
 total_blobs=2585 nmethods=2309 adapters=189
 compilation: enabled

Compilation events (10 events):
Event: 3.749 Thread 0x000000001545a800 nmethod 2317% 0x0000000003776310 code [0x00000000037764a0, 0x0000000003776e18]
Event: 3.749 Thread 0x000000001545a800 2390       4       com.android.dx.dex.code.RopTranslator::pickOrder (400 bytes)
Event: 3.765 Thread 0x000000001546a000 2434 %     3       java.util.concurrent.ConcurrentHashMap::sumCount @ 17 (48 bytes)
Event: 3.766 Thread 0x000000001546a000 nmethod 2434% 0x000000000377a750 code [0x000000000377a8c0, 0x000000000377abb0]
Event: 3.768 Thread 0x000000001546a000 2435   !   2       com.android.dx.dex.code.OutputFinisher::reverseBranch (73 bytes)
Event: 3.768 Thread 0x000000001546a000 nmethod 2435 0x0000000003779390 code [0x00000000037795a0, 0x0000000003779d08]
Event: 3.779 Thread 0x000000001545a800 nmethod 2390 0x0000000003789c50 code [0x0000000003789ea0, 0x000000000378bc00]
Event: 3.779 Thread 0x000000001545a800 2413       4       com.android.dx.ssa.back.FirstFitLocalCombiningAllocator::handleCheckCastResults (413 bytes)
Event: 3.819 Thread 0x000000001546a000 2438       1       com.android.dx.rop.cst.CstLiteral32::getLongBits (6 bytes)
Event: 3.819 Thread 0x000000001546a000 nmethod 2438 0x00000000037790d0 code [0x0000000003779220, 0x0000000003779330]

GC Heap History (10 events):
Event: 1.720 GC heap after
Heap after GC invocations=4 (full 0):
 PSYoungGen      total 272896K, used 10749K [0x00000000eab00000, 0x00000000fc000000, 0x0000000100000000)
  eden space 262144K, 0% used [0x00000000eab00000,0x00000000eab00000,0x00000000fab00000)
  from space 10752K, 99% used [0x00000000fb580000,0x00000000fbfff4d0,0x00000000fc000000)
  to   space 10752K, 0% used [0x00000000fab00000,0x00000000fab00000,0x00000000fb580000)
 ParOldGen       total 175104K, used 49262K [0x00000000c0000000, 0x00000000cab00000, 0x00000000eab00000)
  object space 175104K, 28% used [0x00000000c0000000,0x00000000c301b948,0x00000000cab00000)
 Metaspace       used 6548K, capacity 7344K, committed 7552K, reserved 1056768K
  class space    used 588K, capacity 616K, committed 640K, reserved 1048576K
}
Event: 2.366 GC heap before
{Heap before GC invocations=5 (full 0):
 PSYoungGen      total 272896K, used 272893K [0x00000000eab00000, 0x00000000fc000000, 0x0000000100000000)
  eden space 262144K, 100% used [0x00000000eab00000,0x00000000fab00000,0x00000000fab00000)
  from space 10752K, 99% used [0x00000000fb580000,0x00000000fbfff4d0,0x00000000fc000000)
  to   space 10752K, 0% used [0x00000000fab00000,0x00000000fab00000,0x00000000fb580000)
 ParOldGen       total 175104K, used 49262K [0x00000000c0000000, 0x00000000cab00000, 0x00000000eab00000)
  object space 175104K, 28% used [0x00000000c0000000,0x00000000c301b948,0x00000000cab00000)
 Metaspace       used 6684K, capacity 7350K, committed 7552K, reserved 1056768K
  class space    used 609K, capacity 622K, committed 640K, reserved 1048576K
Event: 2.433 GC heap after
Heap after GC invocations=5 (full 0):
 PSYoungGen      total 272896K, used 10733K [0x00000000eab00000, 0x0000000100000000, 0x0000000100000000)
  eden space 262144K, 0% used [0x00000000eab00000,0x00000000eab00000,0x00000000fab00000)
  from space 10752K, 99% used [0x00000000fab00000,0x00000000fb57b4b8,0x00000000fb580000)
  to   space 53248K, 0% used [0x00000000fcc00000,0x00000000fcc00000,0x0000000100000000)
 ParOldGen       total 175104K, used 87315K [0x00000000c0000000, 0x00000000cab00000, 0x00000000eab00000)
  object space 175104K, 49% used [0x00000000c0000000,0x00000000c5544cd0,0x00000000cab00000)
 Metaspace       used 6684K, capacity 7350K, committed 7552K, reserved 1056768K
  class space    used 609K, capacity 622K, committed 640K, reserved 1048576K
}
Event: 2.921 GC heap before
{Heap before GC invocations=6 (full 0):
 PSYoungGen      total 272896K, used 272877K [0x00000000eab00000, 0x0000000100000000, 0x0000000100000000)
  eden space 262144K, 100% used [0x00000000eab00000,0x00000000fab00000,0x00000000fab00000)
  from space 10752K, 99% used [0x00000000fab00000,0x00000000fb57b4b8,0x00000000fb580000)
  to   space 53248K, 0% used [0x00000000fcc00000,0x00000000fcc00000,0x0000000100000000)
 ParOldGen       total 175104K, used 87315K [0x00000000c0000000, 0x00000000cab00000, 0x00000000eab00000)
  object space 175104K, 49% used [0x00000000c0000000,0x00000000c5544cd0,0x00000000cab00000)
 Metaspace       used 6688K, capacity 7350K, committed 7552K, reserved 1056768K
  class space    used 609K, capacity 622K, committed 640K, reserved 1048576K
Event: 2.996 GC heap after
Heap after GC invocations=6 (full 0):
 PSYoungGen      total 279552K, used 49281K [0x00000000eab00000, 0x0000000100000000, 0x0000000100000000)
  eden space 226304K, 0% used [0x00000000eab00000,0x00000000eab00000,0x00000000f8800000)
  from space 53248K, 92% used [0x00000000fcc00000,0x00000000ffc205b8,0x0000000100000000)
  to   space 61440K, 0% used [0x00000000f8800000,0x00000000f8800000,0x00000000fc400000)
 ParOldGen       total 175104K, used 87315K [0x00000000c0000000, 0x00000000cab00000, 0x00000000eab00000)
  object space 175104K, 49% used [0x00000000c0000000,0x00000000c5544cd0,0x00000000cab00000)
 Metaspace       used 6688K, capacity 7350K, committed 7552K, reserved 1056768K
  class space    used 609K, capacity 622K, committed 640K, reserved 1048576K
}
Event: 3.367 GC heap before
{Heap before GC invocations=7 (full 0):
 PSYoungGen      total 279552K, used 275585K [0x00000000eab00000, 0x0000000100000000, 0x0000000100000000)
  eden space 226304K, 100% used [0x00000000eab00000,0x00000000f8800000,0x00000000f8800000)
  from space 53248K, 92% used [0x00000000fcc00000,0x00000000ffc205b8,0x0000000100000000)
  to   space 61440K, 0% used [0x00000000f8800000,0x00000000f8800000,0x00000000fc400000)
 ParOldGen       total 175104K, used 87315K [0x00000000c0000000, 0x00000000cab00000, 0x00000000eab00000)
  object space 175104K, 49% used [0x00000000c0000000,0x00000000c5544cd0,0x00000000cab00000)
 Metaspace       used 6694K, capacity 7350K, committed 7552K, reserved 1056768K
  class space    used 610K, capacity 622K, committed 640K, reserved 1048576K
Event: 3.456 GC heap after
Heap after GC invocations=7 (full 0):
 PSYoungGen      total 287744K, used 61408K [0x00000000eab00000, 0x0000000100000000, 0x0000000100000000)
  eden space 226304K, 0% used [0x00000000eab00000,0x00000000eab00000,0x00000000f8800000)
  from space 61440K, 99% used [0x00000000f8800000,0x00000000fc3f8020,0x00000000fc400000)
  to   space 61440K, 0% used [0x00000000fc400000,0x00000000fc400000,0x0000000100000000)
 ParOldGen       total 175104K, used 107751K [0x00000000c0000000, 0x00000000cab00000, 0x00000000eab00000)
  object space 175104K, 61% used [0x00000000c0000000,0x00000000c6939f98,0x00000000cab00000)
 Metaspace       used 6694K, capacity 7350K, committed 7552K, reserved 1056768K
  class space    used 610K, capacity 622K, committed 640K, reserved 1048576K
}
Event: 3.821 GC heap before
{Heap before GC invocations=8 (full 0):
 PSYoungGen      total 287744K, used 287712K [0x00000000eab00000, 0x0000000100000000, 0x0000000100000000)
  eden space 226304K, 100% used [0x00000000eab00000,0x00000000f8800000,0x00000000f8800000)
  from space 61440K, 99% used [0x00000000f8800000,0x00000000fc3f8020,0x00000000fc400000)
  to   space 61440K, 0% used [0x00000000fc400000,0x00000000fc400000,0x0000000100000000)
 ParOldGen       total 175104K, used 107751K [0x00000000c0000000, 0x00000000cab00000, 0x00000000eab00000)
  object space 175104K, 61% used [0x00000000c0000000,0x00000000c6939f98,0x00000000cab00000)
 Metaspace       used 6699K, capacity 7350K, committed 7552K, reserved 1056768K
  class space    used 610K, capacity 622K, committed 640K, reserved 1048576K
Event: 3.924 GC heap after
Heap after GC invocations=8 (full 0):
 PSYoungGen      total 206848K, used 61408K [0x00000000eab00000, 0x0000000100000000, 0x0000000100000000)
  eden space 145408K, 0% used [0x00000000eab00000,0x00000000eab00000,0x00000000f3900000)
  from space 61440K, 99% used [0x00000000fc400000,0x00000000ffff8010,0x0000000100000000)
  to   space 101888K, 0% used [0x00000000f3900000,0x00000000f3900000,0x00000000f9c80000)
 ParOldGen       total 175104K, used 141090K [0x00000000c0000000, 0x00000000cab00000, 0x00000000eab00000)
  object space 175104K, 80% used [0x00000000c0000000,0x00000000c89c8918,0x00000000cab00000)
 Metaspace       used 6699K, capacity 7350K, committed 7552K, reserved 1056768K
  class space    used 610K, capacity 622K, committed 640K, reserved 1048576K
}
Event: 3.924 GC heap before
{Heap before GC invocations=9 (full 1):
 PSYoungGen      total 206848K, used 61408K [0x00000000eab00000, 0x0000000100000000, 0x0000000100000000)
  eden space 145408K, 0% used [0x00000000eab00000,0x00000000eab00000,0x00000000f3900000)
  from space 61440K, 99% used [0x00000000fc400000,0x00000000ffff8010,0x0000000100000000)
  to   space 101888K, 0% used [0x00000000f3900000,0x00000000f3900000,0x00000000f9c80000)
 ParOldGen       total 175104K, used 141090K [0x00000000c0000000, 0x00000000cab00000, 0x00000000eab00000)
  object space 175104K, 80% used [0x00000000c0000000,0x00000000c89c8918,0x00000000cab00000)
 Metaspace       used 6699K, capacity 7350K, committed 7552K, reserved 1056768K
  class space    used 610K, capacity 622K, committed 640K, reserved 1048576K

Deoptimization events (10 events):
Event: 1.723 Thread 0x00000000170dc800 Uncommon trap: reason=bimorphic action=maybe_recompile pc=0x00000000034e286c method=com.android.dx.ssa.SCCP.simulatePhi(Lcom/android/dx/ssa/PhiInsn;)V @ 124
Event: 1.771 Thread 0x0000000002c82800 Uncommon trap: reason=unstable_if action=reinterpret pc=0x00000000035d9b8c method=java.util.concurrent.ConcurrentHashMap.putVal(Ljava/lang/Object;Ljava/lang/Object;Z)Ljava/lang/Object; @ 331
Event: 1.922 Thread 0x00000000170dc800 Uncommon trap: reason=class_check action=maybe_recompile pc=0x0000000003589fb4 method=java.util.concurrent.ConcurrentHashMap.get(Ljava/lang/Object;)Ljava/lang/Object; @ 93
Event: 1.939 Thread 0x0000000002c82800 Uncommon trap: reason=unstable_if action=reinterpret pc=0x000000000357b194 method=java.util.HashMap.getNode(ILjava/lang/Object;)Ljava/util/HashMap$Node; @ 62
Event: 1.943 Thread 0x00000000170dc800 Uncommon trap: reason=class_check action=maybe_recompile pc=0x0000000003589fb4 method=java.util.concurrent.ConcurrentHashMap.get(Ljava/lang/Object;)Ljava/lang/Object; @ 93
Event: 1.945 Thread 0x00000000170dc800 Uncommon trap: reason=class_check action=maybe_recompile pc=0x00000000035a9c80 method=java.util.concurrent.ConcurrentHashMap.get(Ljava/lang/Object;)Ljava/lang/Object; @ 93
Event: 2.320 Thread 0x00000000170dc800 Uncommon trap: reason=unstable_if action=reinterpret pc=0x00000000036c4c2c method=com.android.dx.ssa.NormalSsaInsn.getLocalAssignment()Lcom/android/dx/rop/code/RegisterSpec; @ 12
Event: 2.320 Thread 0x00000000170dc800 Uncommon trap: reason=unstable_if action=reinterpret pc=0x00000000030f45e8 method=com.android.dx.ssa.NormalSsaInsn.getLocalAssignment()Lcom/android/dx/rop/code/RegisterSpec; @ 12
Event: 3.242 Thread 0x0000000002c82800 Uncommon trap: reason=unstable_if action=reinterpret pc=0x00000000036e7e10 method=java.util.concurrent.ConcurrentHashMap.addCount(JI)V @ 209
Event: 3.577 Thread 0x0000000002c82800 Uncommon trap: reason=unstable_if action=reinterpret pc=0x00000000036f7af4 method=java.util.HashMap.getNode(ILjava/lang/Object;)Ljava/util/HashMap$Node; @ 84

Classes redefined (0 events):
No events

Internal exceptions (6 events):
Event: 0.029 Thread 0x0000000002c82800 Exception <a 'java/lang/NoSuchMethodError': Method sun.misc.Unsafe.defineClass(Ljava/lang/String;[BII)Ljava/lang/Class; name or signature does not match> (0x00000000eab07cb0) thrown at [D:\j\worksp~1\openjd~3\jdk8u\hotspot\src\share\vm\prims\jni.cpp, line
Event: 0.029 Thread 0x0000000002c82800 Exception <a 'java/lang/NoSuchMethodError': Method sun.misc.Unsafe.prefetchRead(Ljava/lang/Object;J)V name or signature does not match> (0x00000000eab07f98) thrown at [D:\j\worksp~1\openjd~3\jdk8u\hotspot\src\share\vm\prims\jni.cpp, line 4012]
Event: 0.736 Thread 0x0000000002c82800 Implicit null exception at 0x0000000003047e62 to 0x0000000003047f5a
Event: 1.773 Thread 0x0000000002c82800 Exception <a 'java/lang/ArrayIndexOutOfBoundsException': 18> (0x00000000ebe70250) thrown at [D:\j\worksp~1\openjd~3\jdk8u\hotspot\src\share\vm\interpreter\interpreterRuntime.cpp, line 368]
Event: 1.773 Thread 0x0000000002c82800 Exception <a 'java/lang/ArrayIndexOutOfBoundsException': 145> (0x00000000ebe71dd0) thrown at [D:\j\worksp~1\openjd~3\jdk8u\hotspot\src\share\vm\interpreter\interpreterRuntime.cpp, line 368]
Event: 1.774 Thread 0x0000000002c82800 Exception <a 'java/lang/ArrayIndexOutOfBoundsException'> (0x00000000ebe730b8) thrown at [D:\j\worksp~1\openjd~3\jdk8u\hotspot\src\share\vm\runtime\sharedRuntime.cpp, line 605]

Events (10 events):
Event: 3.727 Thread 0x00000000170dc800 DEOPT UNPACKING pc=0x0000000002dc75d0 sp=0x00000000174ce598 mode 0
Event: 3.747 Thread 0x0000000002c82800 DEOPT PACKING pc=0x0000000003186e2a sp=0x0000000002c7e0e0
Event: 3.747 Thread 0x0000000002c82800 DEOPT UNPACKING pc=0x0000000002dc75d0 sp=0x0000000002c7df10 mode 0
Event: 3.758 Thread 0x0000000002c82800 DEOPT PACKING pc=0x000000000304eb34 sp=0x0000000002c7e120
Event: 3.758 Thread 0x0000000002c82800 DEOPT UNPACKING pc=0x0000000002dc75d0 sp=0x0000000002c7de68 mode 0
Event: 3.792 Thread 0x00000000170dc800 DEOPT PACKING pc=0x000000000304eb34 sp=0x00000000174ce850
Event: 3.792 Thread 0x00000000170dc800 DEOPT UNPACKING pc=0x0000000002dc75d0 sp=0x00000000174ce598 mode 0
Event: 3.817 Thread 0x00000000170dc800 DEOPT PACKING pc=0x0000000003186e2a sp=0x00000000174ce810
Event: 3.817 Thread 0x00000000170dc800 DEOPT UNPACKING pc=0x0000000002dc75d0 sp=0x00000000174ce640 mode 0
Event: 3.821 Executing VM operation: ParallelGCFailedAllocation


Dynamic libraries:
0x00007ff6785b0000 - 0x00007ff6785e5000 	C:\Program Files\Android\jdk\microsoft_dist_openjdk_1.8.0.25\bin\java.exe
0x00007ffef3040000 - 0x00007ffef3230000 	C:\WINDOWS\SYSTEM32\ntdll.dll
0x00007ffef21b0000 - 0x00007ffef2262000 	C:\WINDOWS\System32\KERNEL32.DLL
0x00007ffef0ba0000 - 0x00007ffef0e43000 	C:\WINDOWS\System32\KERNELBASE.dll
0x00007ffef2a40000 - 0x00007ffef2ae3000 	C:\WINDOWS\System32\ADVAPI32.dll
0x00007ffef2780000 - 0x00007ffef281e000 	C:\WINDOWS\System32\msvcrt.dll
0x00007ffef1e20000 - 0x00007ffef1eb7000 	C:\WINDOWS\System32\sechost.dll
0x00007ffef2270000 - 0x00007ffef2390000 	C:\WINDOWS\System32\RPCRT4.dll
0x00007ffef1ec0000 - 0x00007ffef2054000 	C:\WINDOWS\System32\USER32.dll
0x00007ffef1020000 - 0x00007ffef1041000 	C:\WINDOWS\System32\win32u.dll
0x00007ffef2750000 - 0x00007ffef2776000 	C:\WINDOWS\System32\GDI32.dll
0x00007ffef0950000 - 0x00007ffef0ae4000 	C:\WINDOWS\System32\gdi32full.dll
0x00007ffef1050000 - 0x00007ffef10ee000 	C:\WINDOWS\System32\msvcp_win.dll
0x00007ffef0820000 - 0x00007ffef091a000 	C:\WINDOWS\System32\ucrtbase.dll
0x00007ffedfdc0000 - 0x00007ffee0045000 	C:\WINDOWS\WinSxS\amd64_microsoft.windows.common-controls_6595b64144ccf1df_6.0.18362.476_none_e6c4b11b130f2595\COMCTL32.dll
0x00007ffef2410000 - 0x00007ffef2746000 	C:\WINDOWS\System32\combase.dll
0x00007ffef0fa0000 - 0x00007ffef1020000 	C:\WINDOWS\System32\bcryptPrimitives.dll
0x00007ffef2f60000 - 0x00007ffef2f8e000 	C:\WINDOWS\System32\IMM32.DLL
0x000000006e3b0000 - 0x000000006e481000 	C:\Program Files\Android\jdk\microsoft_dist_openjdk_1.8.0.25\jre\bin\msvcr100.dll
0x000000006db60000 - 0x000000006e3a5000 	C:\Program Files\Android\jdk\microsoft_dist_openjdk_1.8.0.25\jre\bin\server\jvm.dll
0x00007ffef1940000 - 0x00007ffef1948000 	C:\WINDOWS\System32\PSAPI.DLL
0x00007ffee1510000 - 0x00007ffee1519000 	C:\WINDOWS\SYSTEM32\WSOCK32.dll
0x00007ffee6b70000 - 0x00007ffee6b94000 	C:\WINDOWS\SYSTEM32\WINMM.dll
0x00007ffee84e0000 - 0x00007ffee84ea000 	C:\WINDOWS\SYSTEM32\VERSION.dll
0x00007ffef2060000 - 0x00007ffef20cf000 	C:\WINDOWS\System32\WS2_32.dll
0x00007ffee6b40000 - 0x00007ffee6b6d000 	C:\WINDOWS\SYSTEM32\winmmbase.dll
0x00007ffef07b0000 - 0x00007ffef07fa000 	C:\WINDOWS\System32\cfgmgr32.dll
0x00007ffee76f0000 - 0x00007ffee76ff000 	C:\Program Files\Android\jdk\microsoft_dist_openjdk_1.8.0.25\jre\bin\verify.dll
0x00007ffec6020000 - 0x00007ffec6049000 	C:\Program Files\Android\jdk\microsoft_dist_openjdk_1.8.0.25\jre\bin\java.dll
0x00007ffecc140000 - 0x00007ffecc156000 	C:\Program Files\Android\jdk\microsoft_dist_openjdk_1.8.0.25\jre\bin\zip.dll
0x00007ffef10f0000 - 0x00007ffef17d5000 	C:\WINDOWS\System32\SHELL32.dll
0x00007ffef1d70000 - 0x00007ffef1e19000 	C:\WINDOWS\System32\shcore.dll
0x00007ffef0030000 - 0x00007ffef07ae000 	C:\WINDOWS\System32\windows.storage.dll
0x00007ffeeff60000 - 0x00007ffeeff7f000 	C:\WINDOWS\System32\profapi.dll
0x00007ffeeff80000 - 0x00007ffeeffca000 	C:\WINDOWS\System32\powrprof.dll
0x00007ffeeff10000 - 0x00007ffeeff20000 	C:\WINDOWS\System32\UMPDC.dll
0x00007ffef20f0000 - 0x00007ffef2142000 	C:\WINDOWS\System32\shlwapi.dll
0x00007ffeeff40000 - 0x00007ffeeff51000 	C:\WINDOWS\System32\kernel.appcore.dll
0x00007ffef0800000 - 0x00007ffef0817000 	C:\WINDOWS\System32\cryptsp.dll
0x00007ffeee660000 - 0x00007ffeee854000 	C:\WINDOWS\SYSTEM32\dbghelp.dll

VM Arguments:
jvm_args: -Dfile.encoding=UTF8 -Xmx1G 
java_command: C:\Program Files (x86)\Android\android-sdk\build-tools\28.0.3\\lib\dx.jar --dex --no-strict --input-list=C:\Users\dojeda\AppData\Local\Temp\tmp6AEF.tmp --output obj\Debug\90\android\bin
java_class_path (initial): C:\Program Files (x86)\Android\android-sdk\build-tools\28.0.3\\lib\dx.jar
Launcher Type: SUN_STANDARD

Environment Variables:
JAVA_HOME=C:\Program Files\Android\jdk\microsoft_dist_openjdk_1.8.0.25
PATH=C:\Program Files\Android\jdk\microsoft_dist_openjdk_1.8.0.25\bin;C:\ProgramData\Oracle\Java\javapath;C:\Program Files (x86)\Intel\iCLS Client\;C:\Program Files\Intel\iCLS Client\;C:\WINDOWS\system32;C:\WINDOWS;C:\WINDOWS\System32\Wbem;C:\WINDOWS\System32\WindowsPowerShell\v1.0\;C:\Program Files\Intel\Intel(R) Management Engine Components\DAL;C:\Program Files\Intel\Intel(R) Management Engine Components\IPT;C:\Program Files (x86)\Intel\Intel(R) Management Engine Components\DAL;C:\Program Files (x86)\Intel\Intel(R) Management Engine Components\IPT;C:\ProgramData\Lenovo\ReadyApps;C:\Program Files\Intel\WiFi\bin\;C:\Program Files\Common Files\Intel\WirelessCommon\;C:\Program Files\Microsoft SQL Server\120\Tools\Binn\;C:\Program Files\Microsoft SQL Server\130\Tools\Binn\;C:\Program Files\Microsoft SQL Server\Client SDK\ODBC\110\Tools\Binn\;C:\Program Files (x86)\Microsoft SQL Server\120\Tools\Binn\;C:\Program Files\Microsoft SQL Server\120\DTS\Binn\;C:\Program Files (x86)\Microsoft SQL Server\120\Tools\Binn\ManagementStudio\;C:\Program Files (x86)\Microsoft SQL Server\120\DTS\Binn\;C:\WINDOWS\System32\OpenSSH\;C:\Program Files (x86)\Microsoft Emulator Manager\1.0\;C:\Program Files\dotnet\;C:\Program Files (x86)\Java\jdk1.8.0_181\bin;C:\Program Files\Git\cmd;C:\Program Files\Microsoft SQL Server\Client SDK\ODBC\170\Tools\Binn\;C:\Program Files\nodejs\;C:\Program Files (x86)\Yarn\bin\;C:\Users\dojeda\AppData\Local\Microsoft\WindowsApps;C:\Users\dojeda\.dotnet\tools;C:\Users\dojeda\AppData\Local\Programs\Fiddler;C:\Users\dojeda\AppData\Local\atom\bin;C:\Users\dojeda\AppData\Roaming\npm;C:\Users\dojeda\AppData\Local\Yarn\bin;C:\Users\dojeda\AppData\Local\Programs\Microsoft VS Code\bin;C:\Users\dojeda\AppData\Local\Microsoft\WindowsApps
USERNAME=dojeda
OS=Windows_NT
PROCESSOR_IDENTIFIER=Intel64 Family 6 Model 60 Stepping 3, GenuineIntel



---------------  S Y S T E M  ---------------

OS: Windows 10.0 , 64 bit Build 18362 (10.0.18362.329)

CPU:total 4 (initial active 4) (4 cores per cpu, 1 threads per core) family 6 model 60 stepping 3, cmov, cx8, fxsr, mmx, sse, sse2, sse3, ssse3, sse4.1, sse4.2, popcnt, avx, avx2, aes, clmul, erms, lzcnt, tsc, tscinvbit, bmi1, bmi2

Memory: 4k page, physical 16664336k(4735024k free), swap 22135712k(2880372k free)

vm_info: OpenJDK 64-Bit Server VM (25.71-b00) for windows-amd64 JRE (1.8.0-25-microsoft-b00), built on Feb  7 2019 20:09:14 by "builder" with MS VC++ 10.0 (VS2010)

time: Fri Nov 15 11:33:17 2019
timezone: Hora estándar romance
elapsed time: 4 seconds (0d 0h 0m 4s)

