#
# A fatal error has been detected by the Java Runtime Environment:
#
#  EXCEPTION_ACCESS_VIOLATION (0xc0000005) at pc=0x0000000002ec6a9b, pid=23372, tid=0x0000000000005240
#
# JRE version: OpenJDK Runtime Environment (8.0) (build 1.8.0-25-microsoft-b00)
# Java VM: OpenJDK 64-Bit Server VM (25.71-b00 mixed mode windows-amd64 compressed oops)
# Problematic frame:
# J 2913 C1 com.android.dx.dex.code.LocalList$MakeState.snapshot(ILcom/android/dx/rop/code/RegisterSpecSet;)V (110 bytes) @ 0x0000000002ec6a9b [0x0000000002ec65a0+0x4fb]
#
# Failed to write core dump. Minidumps are not enabled by default on client versions of Windows
#
# If you would like to submit a bug report, please visit:
#   http://bugreport.java.com/bugreport/crash.jsp
#

---------------  T H R E A D  ---------------

Current thread (0x00000000026b2800):  JavaThread "main" [_thread_in_Java, id=21056, stack(0x00000000025b0000,0x00000000026b0000)]

siginfo: ExceptionCode=0xc0000005, reading address 0x000000002000f9c6

Registers:
RAX=0x00000000c4aebf50, RBX=0x00000000c4aebb50, RCX=0x000000002000f9c6, RDX=0x00000000effa6d88
RSP=0x00000000026aeac0, RBP=0x00000000026aee48, RSI=0x000000000000000d, RDI=0x000000000000000e
R8 =0x0000000014b92fd8, R9 =0x00000000c4af49a8, R10=0x000000010006cd90, R11=0x00000000001e3560
R12=0x0000000000000000, R13=0x000000000000a926, R14=0x00000000ed880ed0, R15=0x00000000026b2800
RIP=0x0000000002ec6a9b, EFLAGS=0x0000000000010206

Top of Stack: (sp=0x00000000026aeac0)
0x00000000026aeac0:   00000000c4af4a08 0000000000009fb9
0x00000000026aead0:   00000000026aee48 0000000002f8fc04
0x00000000026aeae0:   00000000c41507b0 00000005000000df
0x00000000026aeaf0:   00000000effa6d88 00000000c41507b0
0x00000000026aeb00:   0000000000000000 00000000c41507b0
0x00000000026aeb10:   0000000000000007 00000000effa7e10
0x00000000026aeb20:   000000000000002f 00000000c4aff598
0x00000000026aeb30:   00000000026aee48 0000000002a726ec
0x00000000026aeb40:   0000012c0000000e 00000000effa6d88
0x00000000026aeb50:   00000000c4af49a8 00000000c4aebb68
0x00000000026aeb60:   00000000c4aebb50 000003840000000d
0x00000000026aeb70:   00000000c4aebb68 00000000effa6d88
0x00000000026aeb80:   00000000c4aeba08 0000038400000384
0x00000000026aeb90:   00000000026aee48 0000000002a872d4
0x00000000026aeba0:   00000000c4aeba68 0000038300000002
0x00000000026aebb0:   00000000effa58b0 0000000000000384 

Instructions: (pc=0x0000000002ec6a9b)
0x0000000002ec6a7b:   00 00 48 b9 40 46 9b 14 00 00 00 00 41 81 e3 f8
0x0000000002ec6a8b:   ff 7f 00 41 83 fb 00 0f 84 d6 09 00 00 8b 48 10
0x0000000002ec6a9b:   48 3b 01 4c 8b d9 49 bd 58 6a ab 14 00 00 00 00
0x0000000002ec6aab:   45 8b 5b 08 49 c1 e3 03 4d 3b 9d 10 01 00 00 75 


Register to memory mapping:

RAX=0x00000000c4aebf50 is pointing into object: 0x00000000c4aebf38
com.android.dx.dex.code.SimpleInsn 
 - klass: 'com/android/dx/dex/code/SimpleInsn'
RBX=0x00000000c4aebb50 is an oop
com.android.dx.rop.code.RegisterSpec 
 - klass: 'com/android/dx/rop/code/RegisterSpec'
RCX=0x000000002000f9c6 is an unknown value
RDX=0x00000000effa6d88 is an oop
com.android.dx.dex.code.LocalList$MakeState 
 - klass: 'com/android/dx/dex/code/LocalList$MakeState'
RSP=0x00000000026aeac0 is pointing into the stack for thread: 0x00000000026b2800
RBP=0x00000000026aee48 is pointing into the stack for thread: 0x00000000026b2800
RSI=0x000000000000000d is an unknown value
RDI=0x000000000000000e is an unknown value
R8 =0x0000000014b92fd8 is pointing into metadata
R9 =0x00000000c4af49a8 is an oop
com.android.dx.rop.code.RegisterSpecSet 
 - klass: 'com/android/dx/rop/code/RegisterSpecSet'
R10=0x000000010006cd90 is pointing into metadata
R11=0x00000000001e3560 is an unknown value
R12=0x0000000000000000 is an unknown value
R13=0x000000000000a926 is an unknown value
R14=0x00000000ed880ed0 is an oop
java.util.concurrent.ConcurrentHashMap$Node 
 - klass: 'java/util/concurrent/ConcurrentHashMap$Node'
R15=0x00000000026b2800 is a thread


Stack: [0x00000000025b0000,0x00000000026b0000],  sp=0x00000000026aeac0,  free space=1018k
Native frames: (J=compiled Java code, j=interpreted, Vv=VM code, C=native code)
C  0x0000000002ec6a9b


---------------  P R O C E S S  ---------------

Java Threads: ( => current thread )
  0x0000000016822800 JavaThread "Service Thread" daemon [_thread_blocked, id=13492, stack(0x0000000016bf0000,0x0000000016cf0000)]
  0x0000000014e90800 JavaThread "C1 CompilerThread2" daemon [_thread_blocked, id=28964, stack(0x00000000166f0000,0x00000000167f0000)]
  0x0000000014e8d800 JavaThread "C2 CompilerThread1" daemon [_thread_in_native, id=13308, stack(0x00000000165f0000,0x00000000166f0000)]
  0x0000000014e89000 JavaThread "C2 CompilerThread0" daemon [_thread_in_native, id=10964, stack(0x00000000164f0000,0x00000000165f0000)]
  0x0000000014e86800 JavaThread "Attach Listener" daemon [_thread_blocked, id=19936, stack(0x00000000163f0000,0x00000000164f0000)]
  0x0000000014e85800 JavaThread "Signal Dispatcher" daemon [_thread_blocked, id=32548, stack(0x00000000162f0000,0x00000000163f0000)]
  0x00000000027ad800 JavaThread "Finalizer" daemon [_thread_blocked, id=31108, stack(0x00000000160d0000,0x00000000161d0000)]
  0x0000000014e69000 JavaThread "Reference Handler" daemon [_thread_blocked, id=30364, stack(0x0000000015fd0000,0x00000000160d0000)]
=>0x00000000026b2800 JavaThread "main" [_thread_in_Java, id=21056, stack(0x00000000025b0000,0x00000000026b0000)]

Other Threads:
  0x0000000014e47000 VMThread [stack: 0x0000000015ed0000,0x0000000015fd0000] [id=21212]
  0x0000000016823000 WatcherThread [stack: 0x0000000016cf0000,0x0000000016df0000] [id=1756]

VM state:not at safepoint (normal execution)

VM Mutex/Monitor currently owned by a thread: None

heap address: 0x00000000c0000000, size: 1024 MB, Compressed Oops mode: 32-bit
Narrow klass base: 0x0000000000000000, Narrow klass shift: 3
Compressed class space size: 1073741824 Address: 0x0000000100000000

Heap:
 PSYoungGen      total 220160K, used 187576K [0x00000000eab00000, 0x0000000100000000, 0x0000000100000000)
  eden space 116736K, 74% used [0x00000000eab00000,0x00000000f0025fa0,0x00000000f1d00000)
  from space 103424K, 97% used [0x00000000f9b00000,0x00000000ffd08388,0x0000000100000000)
  to   space 116224K, 0% used [0x00000000f1d00000,0x00000000f1d00000,0x00000000f8e80000)
 ParOldGen       total 321536K, used 177697K [0x00000000c0000000, 0x00000000d3a00000, 0x00000000eab00000)
  object space 321536K, 55% used [0x00000000c0000000,0x00000000cad88578,0x00000000d3a00000)
 Metaspace       used 7057K, capacity 7672K, committed 7936K, reserved 1056768K
  class space    used 627K, capacity 688K, committed 768K, reserved 1048576K

Card table byte_map: [0x0000000011b70000,0x0000000011d80000] byte_map_base: 0x0000000011570000

Marking Bits: (ParMarkBitMap*) 0x000000006e328f30
 Begin Bits: [0x00000000122e0000, 0x00000000132e0000)
 End Bits:   [0x00000000132e0000, 0x00000000142e0000)

Polling page: 0x00000000003f0000

CodeCache: size=245760Kb used=10523Kb max_used=11073Kb free=235236Kb
 bounds [0x00000000027b0000, 0x00000000032f0000, 0x00000000117b0000]
 total_blobs=2807 nmethods=2531 adapters=189
 compilation: enabled

Compilation events (10 events):
Event: 6.455 Thread 0x0000000014e90800 2999       2       com.android.dx.dex.code.LocalList$MakeState::checkForEmptyRange (198 bytes)
Event: 6.456 Thread 0x0000000014e90800 nmethod 2999 0x0000000002d95510 code [0x0000000002d95780, 0x0000000002d96268]
Event: 6.456 Thread 0x0000000014e90800 3000       2       com.android.dx.dex.code.LocalList$MakeState::endLocal (51 bytes)
Event: 6.456 Thread 0x0000000014e8d800 nmethod 2494 0x0000000002de0610 code [0x0000000002de0ce0, 0x0000000002de74e0]
Event: 6.456 Thread 0x0000000014e90800 nmethod 3000 0x0000000002ddfed0 code [0x0000000002de0080, 0x0000000002de03c8]
Event: 6.456 Thread 0x0000000014e8d800 2998       4       com.android.dx.dex.code.LocalList$MakeState::snapshot (110 bytes)
Event: 6.457 Thread 0x0000000014e90800 3001       2       com.android.dx.dex.code.form.Form10t::branchFits (22 bytes)
Event: 6.458 Thread 0x0000000014e90800 nmethod 3001 0x0000000002f290d0 code [0x0000000002f29260, 0x0000000002f29578]
Event: 6.458 Thread 0x0000000014e90800 3002       2       com.android.dx.dex.code.form.Form10t::isCompatible (41 bytes)
Event: 6.458 Thread 0x0000000014e90800 nmethod 3002 0x0000000002a88c50 code [0x0000000002a88de0, 0x0000000002a89218]

GC Heap History (10 events):
Event: 3.806 GC heap before
{Heap before GC invocations=9 (full 1):
 PSYoungGen      total 207872K, used 61408K [0x00000000eab00000, 0x0000000100000000, 0x0000000100000000)
  eden space 146432K, 0% used [0x00000000eab00000,0x00000000eab00000,0x00000000f3a00000)
  from space 61440K, 99% used [0x00000000fc400000,0x00000000ffff8010,0x0000000100000000)
  to   space 101376K, 0% used [0x00000000f3a00000,0x00000000f3a00000,0x00000000f9d00000)
 ParOldGen       total 175104K, used 139672K [0x00000000c0000000, 0x00000000cab00000, 0x00000000eab00000)
  object space 175104K, 79% used [0x00000000c0000000,0x00000000c8866308,0x00000000cab00000)
 Metaspace       used 6697K, capacity 7350K, committed 7552K, reserved 1056768K
  class space    used 610K, capacity 622K, committed 640K, reserved 1048576K
Event: 4.527 GC heap after
Heap after GC invocations=9 (full 1):
 PSYoungGen      total 207872K, used 19385K [0x00000000eab00000, 0x0000000100000000, 0x0000000100000000)
  eden space 146432K, 0% used [0x00000000eab00000,0x00000000eab00000,0x00000000f3a00000)
  from space 61440K, 31% used [0x00000000fc400000,0x00000000fd6ee508,0x0000000100000000)
  to   space 101376K, 0% used [0x00000000f3a00000,0x00000000f3a00000,0x00000000f9d00000)
 ParOldGen       total 321536K, used 174849K [0x00000000c0000000, 0x00000000d3a00000, 0x00000000eab00000)
  object space 321536K, 54% used [0x00000000c0000000,0x00000000caac0578,0x00000000d3a00000)
 Metaspace       used 6697K, capacity 7350K, committed 7552K, reserved 1056768K
  class space    used 610K, capacity 622K, committed 640K, reserved 1048576K
}
Event: 4.795 GC heap before
{Heap before GC invocations=10 (full 1):
 PSYoungGen      total 207872K, used 165817K [0x00000000eab00000, 0x0000000100000000, 0x0000000100000000)
  eden space 146432K, 100% used [0x00000000eab00000,0x00000000f3a00000,0x00000000f3a00000)
  from space 61440K, 31% used [0x00000000fc400000,0x00000000fd6ee508,0x0000000100000000)
  to   space 101376K, 0% used [0x00000000f3a00000,0x00000000f3a00000,0x00000000f9d00000)
 ParOldGen       total 321536K, used 174849K [0x00000000c0000000, 0x00000000d3a00000, 0x00000000eab00000)
  object space 321536K, 54% used [0x00000000c0000000,0x00000000caac0578,0x00000000d3a00000)
 Metaspace       used 6698K, capacity 7350K, committed 7552K, reserved 1056768K
  class space    used 610K, capacity 622K, committed 640K, reserved 1048576K
Event: 4.859 GC heap after
Heap after GC invocations=10 (full 1):
 PSYoungGen      total 247808K, used 37975K [0x00000000eab00000, 0x0000000100000000, 0x0000000100000000)
  eden space 146432K, 0% used [0x00000000eab00000,0x00000000eab00000,0x00000000f3a00000)
  from space 101376K, 37% used [0x00000000f3a00000,0x00000000f5f15f70,0x00000000f9d00000)
  to   space 96256K, 0% used [0x00000000fa200000,0x00000000fa200000,0x0000000100000000)
 ParOldGen       total 321536K, used 177697K [0x00000000c0000000, 0x00000000d3a00000, 0x00000000eab00000)
  object space 321536K, 55% used [0x00000000c0000000,0x00000000cad88578,0x00000000d3a00000)
 Metaspace       used 6698K, capacity 7350K, committed 7552K, reserved 1056768K
  class space    used 610K, capacity 622K, committed 640K, reserved 1048576K
}
Event: 5.093 GC heap before
{Heap before GC invocations=11 (full 1):
 PSYoungGen      total 247808K, used 184407K [0x00000000eab00000, 0x0000000100000000, 0x0000000100000000)
  eden space 146432K, 100% used [0x00000000eab00000,0x00000000f3a00000,0x00000000f3a00000)
  from space 101376K, 37% used [0x00000000f3a00000,0x00000000f5f15f70,0x00000000f9d00000)
  to   space 96256K, 0% used [0x00000000fa200000,0x00000000fa200000,0x0000000100000000)
 ParOldGen       total 321536K, used 177697K [0x00000000c0000000, 0x00000000d3a00000, 0x00000000eab00000)
  object space 321536K, 55% used [0x00000000c0000000,0x00000000cad88578,0x00000000d3a00000)
 Metaspace       used 6711K, capacity 7350K, committed 7552K, reserved 1056768K
  class space    used 610K, capacity 622K, committed 640K, reserved 1048576K
Event: 5.129 GC heap after
Heap after GC invocations=11 (full 1):
 PSYoungGen      total 242688K, used 57546K [0x00000000eab00000, 0x00000000ffb00000, 0x0000000100000000)
  eden space 151552K, 0% used [0x00000000eab00000,0x00000000eab00000,0x00000000f3f00000)
  from space 91136K, 63% used [0x00000000fa200000,0x00000000fda329b8,0x00000000ffb00000)
  to   space 96256K, 0% used [0x00000000f3f00000,0x00000000f3f00000,0x00000000f9d00000)
 ParOldGen       total 321536K, used 177697K [0x00000000c0000000, 0x00000000d3a00000, 0x00000000eab00000)
  object space 321536K, 55% used [0x00000000c0000000,0x00000000cad88578,0x00000000d3a00000)
 Metaspace       used 6711K, capacity 7350K, committed 7552K, reserved 1056768K
  class space    used 610K, capacity 622K, committed 640K, reserved 1048576K
}
Event: 5.381 GC heap before
{Heap before GC invocations=12 (full 1):
 PSYoungGen      total 242688K, used 209098K [0x00000000eab00000, 0x00000000ffb00000, 0x0000000100000000)
  eden space 151552K, 100% used [0x00000000eab00000,0x00000000f3f00000,0x00000000f3f00000)
  from space 91136K, 63% used [0x00000000fa200000,0x00000000fda329b8,0x00000000ffb00000)
  to   space 96256K, 0% used [0x00000000f3f00000,0x00000000f3f00000,0x00000000f9d00000)
 ParOldGen       total 321536K, used 177697K [0x00000000c0000000, 0x00000000d3a00000, 0x00000000eab00000)
  object space 321536K, 55% used [0x00000000c0000000,0x00000000cad88578,0x00000000d3a00000)
 Metaspace       used 6716K, capacity 7350K, committed 7552K, reserved 1056768K
  class space    used 610K, capacity 622K, committed 640K, reserved 1048576K
Event: 5.458 GC heap after
Heap after GC invocations=12 (full 1):
 PSYoungGen      total 230400K, used 78765K [0x00000000eab00000, 0x0000000100000000, 0x0000000100000000)
  eden space 151552K, 0% used [0x00000000eab00000,0x00000000eab00000,0x00000000f3f00000)
  from space 78848K, 99% used [0x00000000f3f00000,0x00000000f8beb4f0,0x00000000f8c00000)
  to   space 103424K, 0% used [0x00000000f9b00000,0x00000000f9b00000,0x0000000100000000)
 ParOldGen       total 321536K, used 177697K [0x00000000c0000000, 0x00000000d3a00000, 0x00000000eab00000)
  object space 321536K, 55% used [0x00000000c0000000,0x00000000cad88578,0x00000000d3a00000)
 Metaspace       used 6716K, capacity 7350K, committed 7552K, reserved 1056768K
  class space    used 610K, capacity 622K, committed 640K, reserved 1048576K
}
Event: 5.668 GC heap before
{Heap before GC invocations=13 (full 1):
 PSYoungGen      total 230400K, used 230317K [0x00000000eab00000, 0x0000000100000000, 0x0000000100000000)
  eden space 151552K, 100% used [0x00000000eab00000,0x00000000f3f00000,0x00000000f3f00000)
  from space 78848K, 99% used [0x00000000f3f00000,0x00000000f8beb4f0,0x00000000f8c00000)
  to   space 103424K, 0% used [0x00000000f9b00000,0x00000000f9b00000,0x0000000100000000)
 ParOldGen       total 321536K, used 177697K [0x00000000c0000000, 0x00000000d3a00000, 0x00000000eab00000)
  object space 321536K, 55% used [0x00000000c0000000,0x00000000cad88578,0x00000000d3a00000)
 Metaspace       used 6719K, capacity 7350K, committed 7552K, reserved 1056768K
  class space    used 610K, capacity 622K, committed 640K, reserved 1048576K
Event: 5.728 GC heap after
Heap after GC invocations=13 (full 1):
 PSYoungGen      total 220160K, used 100384K [0x00000000eab00000, 0x0000000100000000, 0x0000000100000000)
  eden space 116736K, 0% used [0x00000000eab00000,0x00000000eab00000,0x00000000f1d00000)
  from space 103424K, 97% used [0x00000000f9b00000,0x00000000ffd08388,0x0000000100000000)
  to   space 116224K, 0% used [0x00000000f1d00000,0x00000000f1d00000,0x00000000f8e80000)
 ParOldGen       total 321536K, used 177697K [0x00000000c0000000, 0x00000000d3a00000, 0x00000000eab00000)
  object space 321536K, 55% used [0x00000000c0000000,0x00000000cad88578,0x00000000d3a00000)
 Metaspace       used 6719K, capacity 7350K, committed 7552K, reserved 1056768K
  class space    used 610K, capacity 622K, committed 640K, reserved 1048576K
}

Deoptimization events (10 events):
Event: 6.399 Thread 0x00000000026b2800 Uncommon trap: reason=speculate_class_check action=maybe_recompile pc=0x0000000002a5bc14 method=com.android.dx.util.FixedSizeList.equals(Ljava/lang/Object;)Z @ 25
Event: 6.399 Thread 0x00000000026b2800 Uncommon trap: reason=class_check action=maybe_recompile pc=0x0000000002f6c8fc method=java.util.Arrays.equals([Ljava/lang/Object;[Ljava/lang/Object;)Z @ 62
Event: 6.399 Thread 0x00000000026b2800 Uncommon trap: reason=speculate_class_check action=maybe_recompile pc=0x0000000002a5bc14 method=com.android.dx.util.FixedSizeList.equals(Ljava/lang/Object;)Z @ 25
Event: 6.399 Thread 0x00000000026b2800 Uncommon trap: reason=class_check action=maybe_recompile pc=0x0000000002f6c8fc method=java.util.Arrays.equals([Ljava/lang/Object;[Ljava/lang/Object;)Z @ 62
Event: 6.399 Thread 0x00000000026b2800 Uncommon trap: reason=speculate_class_check action=maybe_recompile pc=0x0000000002a5bc14 method=com.android.dx.util.FixedSizeList.equals(Ljava/lang/Object;)Z @ 25
Event: 6.399 Thread 0x00000000026b2800 Uncommon trap: reason=class_check action=maybe_recompile pc=0x0000000002f6c8fc method=java.util.Arrays.equals([Ljava/lang/Object;[Ljava/lang/Object;)Z @ 62
Event: 6.399 Thread 0x00000000026b2800 Uncommon trap: reason=speculate_class_check action=maybe_recompile pc=0x0000000002a5bc14 method=com.android.dx.util.FixedSizeList.equals(Ljava/lang/Object;)Z @ 25
Event: 6.399 Thread 0x00000000026b2800 Uncommon trap: reason=class_check action=maybe_recompile pc=0x0000000002f6c8fc method=java.util.Arrays.equals([Ljava/lang/Object;[Ljava/lang/Object;)Z @ 62
Event: 6.399 Thread 0x00000000026b2800 Uncommon trap: reason=unstable_if action=reinterpret pc=0x000000000304d1b8 method=java.util.TreeMap.put(Ljava/lang/Object;Ljava/lang/Object;)Ljava/lang/Object; @ 163
Event: 6.423 Thread 0x00000000026b2800 Uncommon trap: reason=unstable_if action=reinterpret pc=0x00000000028b21ac method=com.android.dx.rop.code.RegisterSpecSet.equals(Ljava/lang/Object;)Z @ 30

Classes redefined (0 events):
No events

Internal exceptions (8 events):
Event: 0.029 Thread 0x00000000026b2800 Exception <a 'java/lang/NoSuchMethodError': Method sun.misc.Unsafe.defineClass(Ljava/lang/String;[BII)Ljava/lang/Class; name or signature does not match> (0x00000000eab07cb0) thrown at [D:\j\worksp~1\openjd~3\jdk8u\hotspot\src\share\vm\prims\jni.cpp, line
Event: 0.029 Thread 0x00000000026b2800 Exception <a 'java/lang/NoSuchMethodError': Method sun.misc.Unsafe.prefetchRead(Ljava/lang/Object;J)V name or signature does not match> (0x00000000eab07f98) thrown at [D:\j\worksp~1\openjd~3\jdk8u\hotspot\src\share\vm\prims\jni.cpp, line 4012]
Event: 0.772 Thread 0x00000000026b2800 Implicit null exception at 0x0000000002a627e2 to 0x0000000002a628da
Event: 0.793 Thread 0x00000000026b2800 Implicit null exception at 0x0000000002d7c46c to 0x0000000002d7c498
Event: 1.663 Thread 0x0000000016ab5000 Exception <a 'java/lang/ArrayIndexOutOfBoundsException': 18> (0x00000000eca097a0) thrown at [D:\j\worksp~1\openjd~3\jdk8u\hotspot\src\share\vm\interpreter\interpreterRuntime.cpp, line 368]
Event: 1.663 Thread 0x0000000016ab5000 Exception <a 'java/lang/ArrayIndexOutOfBoundsException'> (0x00000000eca0b320) thrown at [D:\j\worksp~1\openjd~3\jdk8u\hotspot\src\share\vm\runtime\sharedRuntime.cpp, line 605]
Event: 1.664 Thread 0x0000000016ab5000 Exception <a 'java/lang/ArrayIndexOutOfBoundsException'> (0x00000000eca0c608) thrown at [D:\j\worksp~1\openjd~3\jdk8u\hotspot\src\share\vm\runtime\sharedRuntime.cpp, line 605]
Event: 2.569 Thread 0x00000000026b2800 Implicit null exception at 0x00000000031415f4 to 0x000000000314aaa5

Events (10 events):
Event: 6.431 Thread 0x00000000026b2800 DEOPT PACKING pc=0x0000000002e44919 sp=0x00000000026aeae0
Event: 6.431 Thread 0x00000000026b2800 DEOPT UNPACKING pc=0x00000000027f75d0 sp=0x00000000026ae8a8 mode 0
Event: 6.431 Thread 0x00000000026b2800 DEOPT PACKING pc=0x0000000002a908d1 sp=0x00000000026aeb10
Event: 6.431 Thread 0x00000000026b2800 DEOPT UNPACKING pc=0x00000000027f75d0 sp=0x00000000026ae898 mode 0
Event: 6.443 Thread 0x00000000026b2800 DEOPT PACKING pc=0x00000000029fba38 sp=0x00000000026ae960
Event: 6.443 Thread 0x00000000026b2800 DEOPT UNPACKING pc=0x00000000027f75d0 sp=0x00000000026ae6e0 mode 0
Event: 6.449 Executing VM operation: ForceSafepoint
Event: 6.449 Executing VM operation: ForceSafepoint done
Event: 6.450 Thread 0x00000000026b2800 DEOPT PACKING pc=0x0000000002ec4c8d sp=0x00000000026aeba0
Event: 6.450 Thread 0x00000000026b2800 DEOPT UNPACKING pc=0x00000000027f75d0 sp=0x00000000026ae8f0 mode 0


Dynamic libraries:
0x00007ff6785b0000 - 0x00007ff6785e5000 	C:\Program Files\Android\jdk\microsoft_dist_openjdk_1.8.0.25\bin\java.exe
0x00007ffef3040000 - 0x00007ffef3230000 	C:\WINDOWS\SYSTEM32\ntdll.dll
0x00007ffef21b0000 - 0x00007ffef2262000 	C:\WINDOWS\System32\KERNEL32.DLL
0x00007ffef0ba0000 - 0x00007ffef0e43000 	C:\WINDOWS\System32\KERNELBASE.dll
0x00007ffef2a40000 - 0x00007ffef2ae3000 	C:\WINDOWS\System32\ADVAPI32.dll
0x00007ffef2780000 - 0x00007ffef281e000 	C:\WINDOWS\System32\msvcrt.dll
0x00007ffef1e20000 - 0x00007ffef1eb7000 	C:\WINDOWS\System32\sechost.dll
0x00007ffef2270000 - 0x00007ffef2390000 	C:\WINDOWS\System32\RPCRT4.dll
0x00007ffef1ec0000 - 0x00007ffef2054000 	C:\WINDOWS\System32\USER32.dll
0x00007ffef1020000 - 0x00007ffef1041000 	C:\WINDOWS\System32\win32u.dll
0x00007ffef2750000 - 0x00007ffef2776000 	C:\WINDOWS\System32\GDI32.dll
0x00007ffef0950000 - 0x00007ffef0ae4000 	C:\WINDOWS\System32\gdi32full.dll
0x00007ffef1050000 - 0x00007ffef10ee000 	C:\WINDOWS\System32\msvcp_win.dll
0x00007ffef0820000 - 0x00007ffef091a000 	C:\WINDOWS\System32\ucrtbase.dll
0x00007ffedfdc0000 - 0x00007ffee0045000 	C:\WINDOWS\WinSxS\amd64_microsoft.windows.common-controls_6595b64144ccf1df_6.0.18362.476_none_e6c4b11b130f2595\COMCTL32.dll
0x00007ffef2410000 - 0x00007ffef2746000 	C:\WINDOWS\System32\combase.dll
0x00007ffef0fa0000 - 0x00007ffef1020000 	C:\WINDOWS\System32\bcryptPrimitives.dll
0x00007ffef2f60000 - 0x00007ffef2f8e000 	C:\WINDOWS\System32\IMM32.DLL
0x000000006e3b0000 - 0x000000006e481000 	C:\Program Files\Android\jdk\microsoft_dist_openjdk_1.8.0.25\jre\bin\msvcr100.dll
0x000000006db60000 - 0x000000006e3a5000 	C:\Program Files\Android\jdk\microsoft_dist_openjdk_1.8.0.25\jre\bin\server\jvm.dll
0x00007ffef1940000 - 0x00007ffef1948000 	C:\WINDOWS\System32\PSAPI.DLL
0x00007ffee1510000 - 0x00007ffee1519000 	C:\WINDOWS\SYSTEM32\WSOCK32.dll
0x00007ffee6b70000 - 0x00007ffee6b94000 	C:\WINDOWS\SYSTEM32\WINMM.dll
0x00007ffee84e0000 - 0x00007ffee84ea000 	C:\WINDOWS\SYSTEM32\VERSION.dll
0x00007ffef2060000 - 0x00007ffef20cf000 	C:\WINDOWS\System32\WS2_32.dll
0x00007ffee6b40000 - 0x00007ffee6b6d000 	C:\WINDOWS\SYSTEM32\WINMMBASE.dll
0x00007ffef07b0000 - 0x00007ffef07fa000 	C:\WINDOWS\System32\cfgmgr32.dll
0x00007ffee76f0000 - 0x00007ffee76ff000 	C:\Program Files\Android\jdk\microsoft_dist_openjdk_1.8.0.25\jre\bin\verify.dll
0x00007ffec6020000 - 0x00007ffec6049000 	C:\Program Files\Android\jdk\microsoft_dist_openjdk_1.8.0.25\jre\bin\java.dll
0x00007ffecc140000 - 0x00007ffecc156000 	C:\Program Files\Android\jdk\microsoft_dist_openjdk_1.8.0.25\jre\bin\zip.dll
0x00007ffef10f0000 - 0x00007ffef17d5000 	C:\WINDOWS\System32\SHELL32.dll
0x00007ffef1d70000 - 0x00007ffef1e19000 	C:\WINDOWS\System32\shcore.dll
0x00007ffef0030000 - 0x00007ffef07ae000 	C:\WINDOWS\System32\windows.storage.dll
0x00007ffeeff60000 - 0x00007ffeeff7f000 	C:\WINDOWS\System32\profapi.dll
0x00007ffeeff80000 - 0x00007ffeeffca000 	C:\WINDOWS\System32\powrprof.dll
0x00007ffeeff10000 - 0x00007ffeeff20000 	C:\WINDOWS\System32\UMPDC.dll
0x00007ffef20f0000 - 0x00007ffef2142000 	C:\WINDOWS\System32\shlwapi.dll
0x00007ffeeff40000 - 0x00007ffeeff51000 	C:\WINDOWS\System32\kernel.appcore.dll
0x00007ffef0800000 - 0x00007ffef0817000 	C:\WINDOWS\System32\cryptsp.dll
0x00007ffeee660000 - 0x00007ffeee854000 	C:\WINDOWS\SYSTEM32\dbghelp.dll

VM Arguments:
jvm_args: -Dfile.encoding=UTF8 -Xmx1G 
java_command: C:\Program Files (x86)\Android\android-sdk\build-tools\28.0.3\\lib\dx.jar --dex --no-strict --input-list=C:\Users\dojeda\AppData\Local\Temp\tmp27EA.tmp --output obj\Debug\90\android\bin
java_class_path (initial): C:\Program Files (x86)\Android\android-sdk\build-tools\28.0.3\\lib\dx.jar
Launcher Type: SUN_STANDARD

Environment Variables:
JAVA_HOME=C:\Program Files\Android\jdk\microsoft_dist_openjdk_1.8.0.25
PATH=C:\Program Files\Android\jdk\microsoft_dist_openjdk_1.8.0.25\bin;C:\ProgramData\Oracle\Java\javapath;C:\Program Files (x86)\Intel\iCLS Client\;C:\Program Files\Intel\iCLS Client\;C:\WINDOWS\system32;C:\WINDOWS;C:\WINDOWS\System32\Wbem;C:\WINDOWS\System32\WindowsPowerShell\v1.0\;C:\Program Files\Intel\Intel(R) Management Engine Components\DAL;C:\Program Files\Intel\Intel(R) Management Engine Components\IPT;C:\Program Files (x86)\Intel\Intel(R) Management Engine Components\DAL;C:\Program Files (x86)\Intel\Intel(R) Management Engine Components\IPT;C:\ProgramData\Lenovo\ReadyApps;C:\Program Files\Intel\WiFi\bin\;C:\Program Files\Common Files\Intel\WirelessCommon\;C:\Program Files\Microsoft SQL Server\120\Tools\Binn\;C:\Program Files\Microsoft SQL Server\130\Tools\Binn\;C:\Program Files\Microsoft SQL Server\Client SDK\ODBC\110\Tools\Binn\;C:\Program Files (x86)\Microsoft SQL Server\120\Tools\Binn\;C:\Program Files\Microsoft SQL Server\120\DTS\Binn\;C:\Program Files (x86)\Microsoft SQL Server\120\Tools\Binn\ManagementStudio\;C:\Program Files (x86)\Microsoft SQL Server\120\DTS\Binn\;C:\WINDOWS\System32\OpenSSH\;C:\Program Files (x86)\Microsoft Emulator Manager\1.0\;C:\Program Files\dotnet\;C:\Program Files (x86)\Java\jdk1.8.0_181\bin;C:\Program Files\Git\cmd;C:\Program Files\Microsoft SQL Server\Client SDK\ODBC\170\Tools\Binn\;C:\Program Files\nodejs\;C:\Program Files (x86)\Yarn\bin\;C:\Users\dojeda\AppData\Local\Microsoft\WindowsApps;C:\Users\dojeda\.dotnet\tools;C:\Users\dojeda\AppData\Local\Programs\Fiddler;C:\Users\dojeda\AppData\Local\atom\bin;C:\Users\dojeda\AppData\Roaming\npm;C:\Users\dojeda\AppData\Local\Yarn\bin;C:\Users\dojeda\AppData\Local\Programs\Microsoft VS Code\bin;C:\Users\dojeda\AppData\Local\Microsoft\WindowsApps
USERNAME=dojeda
OS=Windows_NT
PROCESSOR_IDENTIFIER=Intel64 Family 6 Model 60 Stepping 3, GenuineIntel



---------------  S Y S T E M  ---------------

OS: Windows 10.0 , 64 bit Build 18362 (10.0.18362.329)

CPU:total 4 (initial active 4) (4 cores per cpu, 1 threads per core) family 6 model 60 stepping 3, cmov, cx8, fxsr, mmx, sse, sse2, sse3, ssse3, sse4.1, sse4.2, popcnt, avx, avx2, aes, clmul, erms, lzcnt, tsc, tscinvbit, bmi1, bmi2

Memory: 4k page, physical 16664336k(4701752k free), swap 22135712k(2740552k free)

vm_info: OpenJDK 64-Bit Server VM (25.71-b00) for windows-amd64 JRE (1.8.0-25-microsoft-b00), built on Feb  7 2019 20:09:14 by "builder" with MS VC++ 10.0 (VS2010)

time: Fri Nov 15 11:33:03 2019
timezone: Hora estándar romance
elapsed time: 6 seconds (0d 0h 0m 6s)

