#
# A fatal error has been detected by the Java Runtime Environment:
#
#  EXCEPTION_ACCESS_VIOLATION (0xc0000005) at pc=0x000000006db6f6fb, pid=23480, tid=0x0000000000006104
#
# JRE version: OpenJDK Runtime Environment (8.0) (build 1.8.0-25-microsoft-b00)
# Java VM: OpenJDK 64-Bit Server VM (25.71-b00 mixed mode windows-amd64 compressed oops)
# Problematic frame:
# V  [jvm.dll+0xef6fb]
#
# Failed to write core dump. Minidumps are not enabled by default on client versions of Windows
#
# If you would like to submit a bug report, please visit:
#   http://bugreport.java.com/bugreport/crash.jsp
#

---------------  T H R E A D  ---------------

Current thread (0x00000000023aa000):  GCTaskThread [stack: 0x00000000125a0000,0x00000000126a0000] [id=24836]

siginfo: ExceptionCode=0xc0000005, reading address 0x0000000000000110

Registers:
RAX=0x00000000129a0000, RBX=0x00000006c1ba67a0, RCX=0x0000000000000003, RDX=0x0000000000000001
RSP=0x000000001269f670, RBP=0x000000076c653c9c, RSI=0x000000000247dcf0, RDI=0x000000000247dcf0
R8 =0x0000000000000108, R9 =0x00000007c00e8958, R10=0x000000000000000c, R11=0x000000006e04ac18
R12=0x000000076c653ca0, R13=0x00000007c00e8b40, R14=0x00000007c00e8b48, R15=0x000000076c653c80
RIP=0x000000006db6f6fb, EFLAGS=0x0000000000010202

Top of Stack: (sp=0x000000001269f670)
0x000000001269f670:   00000007c00e8958 000000076c653c74
0x000000001269f680:   0000000000000004 000000006dc768e2
0x000000001269f690:   0000000000000000 00000000023aa940
0x000000001269f6a0:   00000000023a4f20 000004cf00000558
0x000000001269f6b0:   0000000000000597 000000006de45f80
0x000000001269f6c0:   000000001c039cf8 0000000000000000
0x000000001269f6d0:   000000000247dcf0 000000006e097708
0x000000001269f6e0:   000004ce00000558 000004cf00000558
0x000000001269f6f0:   000000006e248f30 0000000000000005
0x000000001269f700:   0000000000000000 000002d50000036e
0x000000001269f710:   00000006c34a6648 000000006db6f796
0x000000001269f720:   000000076c655060 00000000023a4f20
0x000000001269f730:   00000000023aa950 00000000023aa940
0x000000001269f740:   000000006e097708 0000000000000000
0x000000001269f750:   000000001e5d2610 0000000000000000
0x000000001269f760:   000000000247dcf0 000000006de4389f 

Instructions: (pc=0x000000006db6f6fb)
0x000000006db6f6db:   6c 00 84 d2 74 16 44 8b 43 08 8b 0d 2d 00 67 00
0x000000006db6f6eb:   49 d3 e0 4c 03 05 1b 00 67 00 eb 04 4c 8b 43 08
0x000000006db6f6fb:   45 8b 48 08 45 85 c9 7e 0c 41 f6 c1 01 75 4b 41
0x000000006db6f70b:   c1 f9 03 eb 57 79 43 84 d2 41 8b c9 b8 10 00 00 


Register to memory mapping:

RAX=0x00000000129a0000 is an unknown value
RBX=0x00000006c1ba67a0 is pointing into object: 0x00000006c1ba6790
java.lang.String 
 - klass: 'java/lang/String'
RCX=0x0000000000000003 is an unknown value
RDX=0x0000000000000001 is an unknown value
RSP=0x000000001269f670 is an unknown value
RBP=0x000000076c653c9c is an unknown value
RSI=0x000000000247dcf0 is an unknown value
RDI=0x000000000247dcf0 is an unknown value
R8 =0x0000000000000108 is an unknown value
R9 =0x00000007c00e8958 is pointing into metadata
R10=0x000000000000000c is an unknown value
R11=0x000000006e04ac18 is an unknown value
R12=0x000000076c653ca0 is an oop
java.util.HashMap$Node 
 - klass: 'java/util/HashMap$Node'
R13=0x00000007c00e8b40 is pointing into metadata
R14=0x00000007c00e8b48 is pointing into metadata
R15=0x000000076c653c80 is an oop
com.sun.tools.javac.code.Types$ImplementationCache$Entry 
 - klass: 'com/sun/tools/javac/code/Types$ImplementationCache$Entry'


Stack: [0x00000000125a0000,0x00000000126a0000],  sp=0x000000001269f670,  free space=1021k
Native frames: (J=compiled Java code, j=interpreted, Vv=VM code, C=native code)
V  [jvm.dll+0xef6fb]
V  [jvm.dll+0x3c5f80]
V  [jvm.dll+0x3c389f]
V  [jvm.dll+0x3c0aae]
V  [jvm.dll+0x26f65a]
C  [MSVCR100.dll+0x21db7]
C  [MSVCR100.dll+0x21e53]
C  [KERNEL32.DLL+0x17bd4]
C  [ntdll.dll+0x6ced1]


---------------  P R O C E S S  ---------------

Java Threads: ( => current thread )
  0x000000001d460000 JavaThread "Service Thread" daemon [_thread_blocked, id=24184, stack(0x000000001d820000,0x000000001d920000)]
  0x000000001ba88000 JavaThread "C1 CompilerThread2" daemon [_thread_blocked, id=22432, stack(0x000000001d320000,0x000000001d420000)]
  0x000000001ba7e800 JavaThread "C2 CompilerThread1" daemon [_thread_blocked, id=22156, stack(0x000000001d220000,0x000000001d320000)]
  0x000000001ba7c800 JavaThread "C2 CompilerThread0" daemon [_thread_blocked, id=13820, stack(0x000000001d120000,0x000000001d220000)]
  0x000000001ba77800 JavaThread "Attach Listener" daemon [_thread_blocked, id=22852, stack(0x000000001d020000,0x000000001d120000)]
  0x000000001ba76800 JavaThread "Signal Dispatcher" daemon [_thread_blocked, id=22492, stack(0x000000001cf20000,0x000000001d020000)]
  0x000000000248e000 JavaThread "Finalizer" daemon [_thread_blocked, id=21624, stack(0x000000001cd00000,0x000000001ce00000)]
  0x000000001ba59000 JavaThread "Reference Handler" daemon [_thread_blocked, id=12548, stack(0x000000001cc00000,0x000000001cd00000)]
  0x0000000002393800 JavaThread "main" [_thread_blocked, id=20512, stack(0x00000000021f0000,0x00000000022f0000)]

Other Threads:
  0x000000001ba36800 VMThread [stack: 0x000000001cb00000,0x000000001cc00000] [id=25144]
  0x000000001bacd000 WatcherThread [stack: 0x000000001d920000,0x000000001da20000] [id=16196]

=>0x00000000023aa000 (exited) GCTaskThread [stack: 0x00000000125a0000,0x00000000126a0000] [id=24836]

VM state:at safepoint (normal execution)

VM Mutex/Monitor currently owned by a thread:  ([mutex/lock_event])
[0x0000000002390550] Threads_lock - owner thread: 0x000000001ba36800
[0x0000000002390b50] Heap_lock - owner thread: 0x0000000002393800

heap address: 0x00000006c1a00000, size: 4070 MB, Compressed Oops mode: Zero based, Oop shift amount: 3
Narrow klass base: 0x0000000000000000, Narrow klass shift: 3
Compressed class space size: 1073741824 Address: 0x00000007c0000000

Heap:
 PSYoungGen      total 32256K, used 5920K [0x000000076b380000, 0x000000076e100000, 0x00000007c0000000)
  eden space 17920K, 0% used [0x000000076b380000,0x000000076b380000,0x000000076c500000)
  from space 14336K, 41% used [0x000000076c500000,0x000000076cac8010,0x000000076d300000)
  to   space 13824K, 0% used [0x000000076d380000,0x000000076d380000,0x000000076e100000)
 ParOldGen       total 30720K, used 29836K [0x00000006c1a00000, 0x00000006c3800000, 0x000000076b380000)
  object space 30720K, 97% used [0x00000006c1a00000,0x00000006c3723078,0x00000006c3800000)
 Metaspace       used 10094K, capacity 10464K, committed 10624K, reserved 1058816K
  class space    used 1004K, capacity 1044K, committed 1152K, reserved 1048576K

Card table byte_map: [0x0000000011850000,0x0000000012050000] byte_map_base: 0x000000000e243000

Marking Bits: (ParMarkBitMap*) 0x000000006e248f30
 Begin Bits: [0x00000000129a0000, 0x0000000016938000)
 End Bits:   [0x0000000016938000, 0x000000001a8d0000)

Polling page: 0x0000000002150000

CodeCache: size=245760Kb used=14517Kb max_used=14517Kb free=231242Kb
 bounds [0x0000000002490000, 0x00000000032d0000, 0x0000000011490000]
 total_blobs=3337 nmethods=3039 adapters=211
 compilation: enabled

Compilation events (10 events):
Event: 5.051 Thread 0x000000001ba7e800 3054       4       com.sun.tools.javac.code.Types$UniqueType::hashCode (12 bytes)
Event: 5.052 Thread 0x000000001ba7e800 nmethod 3054 0x00000000032c0850 code [0x00000000032c09a0, 0x00000000032c0ac8]
Event: 5.053 Thread 0x000000001ba7e800 3055       4       com.sun.tools.javac.util.AbstractLog::useSource (30 bytes)
Event: 5.054 Thread 0x000000001ba7e800 nmethod 3055 0x00000000032c0550 code [0x00000000032c06a0, 0x00000000032c0768]
Event: 5.058 Thread 0x000000001ba88000 3056       3       com.sun.tools.javac.code.Types$1::visitClassType (10 bytes)
Event: 5.058 Thread 0x000000001ba88000 nmethod 3056 0x00000000032b36d0 code [0x00000000032b3840, 0x00000000032b3ac8]
Event: 5.058 Thread 0x000000001ba88000 3057       3       com.sun.tools.javac.code.Types$1::visitClassType (114 bytes)
Event: 5.059 Thread 0x000000001ba88000 nmethod 3057 0x00000000032ca990 code [0x00000000032cac00, 0x00000000032cbee8]
Event: 5.059 Thread 0x000000001ba88000 3058       3       com.sun.tools.javac.util.Warner::warn (10 bytes)
Event: 5.059 Thread 0x000000001ba88000 nmethod 3058 0x00000000032b3250 code [0x00000000032b33c0, 0x00000000032b35e8]

GC Heap History (10 events):
Event: 1.835 GC heap after
Heap after GC invocations=16 (full 3):
 PSYoungGen      total 25600K, used 5548K [0x000000076b380000, 0x000000076d880000, 0x00000007c0000000)
  eden space 16896K, 0% used [0x000000076b380000,0x000000076b380000,0x000000076c400000)
  from space 8704K, 63% used [0x000000076c400000,0x000000076c96b1f0,0x000000076cc80000)
  to   space 9216K, 0% used [0x000000076cf80000,0x000000076cf80000,0x000000076d880000)
 ParOldGen       total 27136K, used 21480K [0x00000006c1a00000, 0x00000006c3480000, 0x000000076b380000)
  object space 27136K, 79% used [0x00000006c1a00000,0x00000006c2efa3a0,0x00000006c3480000)
 Metaspace       used 8175K, capacity 8916K, committed 9216K, reserved 1056768K
  class space    used 892K, capacity 912K, committed 1024K, reserved 1048576K
}
Event: 3.012 GC heap before
{Heap before GC invocations=17 (full 3):
 PSYoungGen      total 25600K, used 22444K [0x000000076b380000, 0x000000076d880000, 0x00000007c0000000)
  eden space 16896K, 100% used [0x000000076b380000,0x000000076c400000,0x000000076c400000)
  from space 8704K, 63% used [0x000000076c400000,0x000000076c96b1f0,0x000000076cc80000)
  to   space 9216K, 0% used [0x000000076cf80000,0x000000076cf80000,0x000000076d880000)
 ParOldGen       total 27136K, used 21480K [0x00000006c1a00000, 0x00000006c3480000, 0x000000076b380000)
  object space 27136K, 79% used [0x00000006c1a00000,0x00000006c2efa3a0,0x00000006c3480000)
 Metaspace       used 9617K, capacity 10080K, committed 10368K, reserved 1058816K
  class space    used 1004K, capacity 1044K, committed 1152K, reserved 1048576K
Event: 3.023 GC heap after
Heap after GC invocations=17 (full 3):
 PSYoungGen      total 27648K, used 8078K [0x000000076b380000, 0x000000076da00000, 0x00000007c0000000)
  eden space 18432K, 0% used [0x000000076b380000,0x000000076b380000,0x000000076c580000)
  from space 9216K, 87% used [0x000000076cf80000,0x000000076d763b70,0x000000076d880000)
  to   space 10240K, 0% used [0x000000076c580000,0x000000076c580000,0x000000076cf80000)
 ParOldGen       total 27136K, used 21480K [0x00000006c1a00000, 0x00000006c3480000, 0x000000076b380000)
  object space 27136K, 79% used [0x00000006c1a00000,0x00000006c2efa3a0,0x00000006c3480000)
 Metaspace       used 9617K, capacity 10080K, committed 10368K, reserved 1058816K
  class space    used 1004K, capacity 1044K, committed 1152K, reserved 1048576K
}
Event: 4.037 GC heap before
{Heap before GC invocations=18 (full 3):
 PSYoungGen      total 27648K, used 26510K [0x000000076b380000, 0x000000076da00000, 0x00000007c0000000)
  eden space 18432K, 100% used [0x000000076b380000,0x000000076c580000,0x000000076c580000)
  from space 9216K, 87% used [0x000000076cf80000,0x000000076d763b70,0x000000076d880000)
  to   space 10240K, 0% used [0x000000076c580000,0x000000076c580000,0x000000076cf80000)
 ParOldGen       total 27136K, used 21480K [0x00000006c1a00000, 0x00000006c3480000, 0x000000076b380000)
  object space 27136K, 79% used [0x00000006c1a00000,0x00000006c2efa3a0,0x00000006c3480000)
 Metaspace       used 9931K, capacity 10336K, committed 10624K, reserved 1058816K
  class space    used 1004K, capacity 1044K, committed 1152K, reserved 1048576K
Event: 4.043 GC heap after
Heap after GC invocations=18 (full 3):
 PSYoungGen      total 28672K, used 10227K [0x000000076b380000, 0x000000076de80000, 0x00000007c0000000)
  eden space 18432K, 0% used [0x000000076b380000,0x000000076b380000,0x000000076c580000)
  from space 10240K, 99% used [0x000000076c580000,0x000000076cf7cfe0,0x000000076cf80000)
  to   space 11776K, 0% used [0x000000076d300000,0x000000076d300000,0x000000076de80000)
 ParOldGen       total 27136K, used 21488K [0x00000006c1a00000, 0x00000006c3480000, 0x000000076b380000)
  object space 27136K, 79% used [0x00000006c1a00000,0x00000006c2efc3a0,0x00000006c3480000)
 Metaspace       used 9931K, capacity 10336K, committed 10624K, reserved 1058816K
  class space    used 1004K, capacity 1044K, committed 1152K, reserved 1048576K
}
Event: 4.501 GC heap before
{Heap before GC invocations=19 (full 3):
 PSYoungGen      total 28672K, used 28659K [0x000000076b380000, 0x000000076de80000, 0x00000007c0000000)
  eden space 18432K, 100% used [0x000000076b380000,0x000000076c580000,0x000000076c580000)
  from space 10240K, 99% used [0x000000076c580000,0x000000076cf7cfe0,0x000000076cf80000)
  to   space 11776K, 0% used [0x000000076d300000,0x000000076d300000,0x000000076de80000)
 ParOldGen       total 27136K, used 21488K [0x00000006c1a00000, 0x00000006c3480000, 0x000000076b380000)
  object space 27136K, 79% used [0x00000006c1a00000,0x00000006c2efc3a0,0x00000006c3480000)
 Metaspace       used 10003K, capacity 10400K, committed 10624K, reserved 1058816K
  class space    used 1004K, capacity 1044K, committed 1152K, reserved 1048576K
Event: 4.512 GC heap after
Heap after GC invocations=19 (full 3):
 PSYoungGen      total 29696K, used 11758K [0x000000076b380000, 0x000000076e380000, 0x00000007c0000000)
  eden space 17920K, 0% used [0x000000076b380000,0x000000076b380000,0x000000076c500000)
  from space 11776K, 99% used [0x000000076d300000,0x000000076de7b808,0x000000076de80000)
  to   space 14336K, 0% used [0x000000076c500000,0x000000076c500000,0x000000076d300000)
 ParOldGen       total 27136K, used 22056K [0x00000006c1a00000, 0x00000006c3480000, 0x000000076b380000)
  object space 27136K, 81% used [0x00000006c1a00000,0x00000006c2f8a3a0,0x00000006c3480000)
 Metaspace       used 10003K, capacity 10400K, committed 10624K, reserved 1058816K
  class space    used 1004K, capacity 1044K, committed 1152K, reserved 1048576K
}
Event: 5.064 GC heap before
{Heap before GC invocations=20 (full 3):
 PSYoungGen      total 29696K, used 29678K [0x000000076b380000, 0x000000076e380000, 0x00000007c0000000)
  eden space 17920K, 100% used [0x000000076b380000,0x000000076c500000,0x000000076c500000)
  from space 11776K, 99% used [0x000000076d300000,0x000000076de7b808,0x000000076de80000)
  to   space 14336K, 0% used [0x000000076c500000,0x000000076c500000,0x000000076d300000)
 ParOldGen       total 27136K, used 22056K [0x00000006c1a00000, 0x00000006c3480000, 0x000000076b380000)
  object space 27136K, 81% used [0x00000006c1a00000,0x00000006c2f8a3a0,0x00000006c3480000)
 Metaspace       used 10094K, capacity 10464K, committed 10624K, reserved 1058816K
  class space    used 1004K, capacity 1044K, committed 1152K, reserved 1048576K
Event: 5.077 GC heap after
Heap after GC invocations=20 (full 3):
 PSYoungGen      total 32256K, used 5920K [0x000000076b380000, 0x000000076e100000, 0x00000007c0000000)
  eden space 17920K, 0% used [0x000000076b380000,0x000000076b380000,0x000000076c500000)
  from space 14336K, 41% used [0x000000076c500000,0x000000076cac8010,0x000000076d300000)
  to   space 13824K, 0% used [0x000000076d380000,0x000000076d380000,0x000000076e100000)
 ParOldGen       total 30720K, used 29836K [0x00000006c1a00000, 0x00000006c3800000, 0x000000076b380000)
  object space 30720K, 97% used [0x00000006c1a00000,0x00000006c3723078,0x00000006c3800000)
 Metaspace       used 10094K, capacity 10464K, committed 10624K, reserved 1058816K
  class space    used 1004K, capacity 1044K, committed 1152K, reserved 1048576K
}
Event: 5.077 GC heap before
{Heap before GC invocations=21 (full 4):
 PSYoungGen      total 32256K, used 5920K [0x000000076b380000, 0x000000076e100000, 0x00000007c0000000)
  eden space 17920K, 0% used [0x000000076b380000,0x000000076b380000,0x000000076c500000)
  from space 14336K, 41% used [0x000000076c500000,0x000000076cac8010,0x000000076d300000)
  to   space 13824K, 0% used [0x000000076d380000,0x000000076d380000,0x000000076e100000)
 ParOldGen       total 30720K, used 29836K [0x00000006c1a00000, 0x00000006c3800000, 0x000000076b380000)
  object space 30720K, 97% used [0x00000006c1a00000,0x00000006c3723078,0x00000006c3800000)
 Metaspace       used 10094K, capacity 10464K, committed 10624K, reserved 1058816K
  class space    used 1004K, capacity 1044K, committed 1152K, reserved 1048576K

Deoptimization events (10 events):
Event: 4.488 Thread 0x0000000002393800 Uncommon trap: reason=bimorphic action=maybe_recompile pc=0x000000000301e180 method=com.sun.tools.javac.code.Type$ClassType.isErroneous()Z @ 1
Event: 4.547 Thread 0x0000000002393800 Uncommon trap: reason=class_check action=maybe_recompile pc=0x0000000002f65c78 method=com.sun.tools.javac.code.Types$MembersClosureCache.visitClassType(Lcom/sun/tools/javac/code/Type$ClassType;Ljava/lang/Void;)Lcom/sun/tools/javac/code/Scope$CompoundScope
Event: 4.547 Thread 0x0000000002393800 Uncommon trap: reason=class_check action=maybe_recompile pc=0x0000000002dfe674 method=com.sun.tools.javac.code.Types.rank(Lcom/sun/tools/javac/code/Type;)I @ 131
Event: 4.547 Thread 0x0000000002393800 Uncommon trap: reason=class_check action=maybe_recompile pc=0x0000000002dfe138 method=com.sun.tools.javac.code.Types.rank(Lcom/sun/tools/javac/code/Type;)I @ 1
Event: 4.547 Thread 0x0000000002393800 Uncommon trap: reason=class_check action=maybe_recompile pc=0x00000000031a25c4 method=com.sun.tools.javac.comp.Resolve.findField(Lcom/sun/tools/javac/comp/Env;Lcom/sun/tools/javac/code/Type;Lcom/sun/tools/javac/util/Name;Lcom/sun/tools/javac/code/Symbol$T
Event: 4.548 Thread 0x0000000002393800 Uncommon trap: reason=class_check action=maybe_recompile pc=0x00000000031a25c4 method=com.sun.tools.javac.comp.Resolve.findField(Lcom/sun/tools/javac/comp/Env;Lcom/sun/tools/javac/code/Type;Lcom/sun/tools/javac/util/Name;Lcom/sun/tools/javac/code/Symbol$T
Event: 4.548 Thread 0x0000000002393800 Uncommon trap: reason=class_check action=maybe_recompile pc=0x00000000031a7c98 method=com.sun.tools.javac.comp.TransTypes.addBridges(Lcom/sun/tools/javac/util/JCDiagnostic$DiagnosticPosition;Lcom/sun/tools/javac/code/Symbol$TypeSymbol;Lcom/sun/tools/javac
Event: 4.548 Thread 0x0000000002393800 Uncommon trap: reason=class_check action=maybe_recompile pc=0x0000000002ece5e8 method=com.sun.tools.javac.code.Symbol$ClassSymbol.isSubClass(Lcom/sun/tools/javac/code/Symbol;Lcom/sun/tools/javac/code/Types;)Z @ 55
Event: 4.952 Thread 0x0000000002393800 Uncommon trap: reason=class_check action=maybe_recompile pc=0x00000000030d7284 method=com.sun.tools.javac.code.Types.resultSubtype(Lcom/sun/tools/javac/code/Type;Lcom/sun/tools/javac/code/Type;Lcom/sun/tools/javac/util/Warner;)Z @ 1
Event: 4.952 Thread 0x0000000002393800 Uncommon trap: reason=class_check action=maybe_recompile pc=0x00000000030a70b0 method=com.sun.tools.javac.code.Types.resultSubtype(Lcom/sun/tools/javac/code/Type;Lcom/sun/tools/javac/code/Type;Lcom/sun/tools/javac/util/Warner;)Z @ 1

Classes redefined (0 events):
No events

Internal exceptions (10 events):
Event: 0.032 Thread 0x0000000002393800 Exception <a 'java/lang/NoSuchMethodError': Method sun.misc.Unsafe.defineClass(Ljava/lang/String;[BII)Ljava/lang/Class; name or signature does not match> (0x000000076b387cd8) thrown at [D:\j\worksp~1\openjd~3\jdk8u\hotspot\src\share\vm\prims\jni.cpp, line
Event: 0.032 Thread 0x0000000002393800 Exception <a 'java/lang/NoSuchMethodError': Method sun.misc.Unsafe.prefetchRead(Ljava/lang/Object;J)V name or signature does not match> (0x000000076b387fc0) thrown at [D:\j\worksp~1\openjd~3\jdk8u\hotspot\src\share\vm\prims\jni.cpp, line 4012]
Event: 0.120 Thread 0x0000000002393800 Exception <a 'java/security/PrivilegedActionException'> (0x000000076b4f8958) thrown at [D:\j\worksp~1\openjd~3\jdk8u\hotspot\src\share\vm\prims\jvm.cpp, line 1508]
Event: 0.120 Thread 0x0000000002393800 Exception <a 'java/security/PrivilegedActionException'> (0x000000076b4f8d50) thrown at [D:\j\worksp~1\openjd~3\jdk8u\hotspot\src\share\vm\prims\jvm.cpp, line 1508]
Event: 0.121 Thread 0x0000000002393800 Exception <a 'java/security/PrivilegedActionException'> (0x000000076b4fd298) thrown at [D:\j\worksp~1\openjd~3\jdk8u\hotspot\src\share\vm\prims\jvm.cpp, line 1508]
Event: 0.121 Thread 0x0000000002393800 Exception <a 'java/security/PrivilegedActionException'> (0x000000076b4fd690) thrown at [D:\j\worksp~1\openjd~3\jdk8u\hotspot\src\share\vm\prims\jvm.cpp, line 1508]
Event: 0.121 Thread 0x0000000002393800 Exception <a 'java/security/PrivilegedActionException'> (0x000000076b4fefb8) thrown at [D:\j\worksp~1\openjd~3\jdk8u\hotspot\src\share\vm\prims\jvm.cpp, line 1508]
Event: 0.121 Thread 0x0000000002393800 Exception <a 'java/security/PrivilegedActionException'> (0x000000076b4ff3b0) thrown at [D:\j\worksp~1\openjd~3\jdk8u\hotspot\src\share\vm\prims\jvm.cpp, line 1508]
Event: 0.127 Thread 0x0000000002393800 Exception <a 'java/security/PrivilegedActionException'> (0x000000076b3b5040) thrown at [D:\j\worksp~1\openjd~3\jdk8u\hotspot\src\share\vm\prims\jvm.cpp, line 1508]
Event: 0.127 Thread 0x0000000002393800 Exception <a 'java/security/PrivilegedActionException'> (0x000000076b3b5438) thrown at [D:\j\worksp~1\openjd~3\jdk8u\hotspot\src\share\vm\prims\jvm.cpp, line 1508]

Events (10 events):
Event: 4.548 Thread 0x0000000002393800 DEOPT UNPACKING pc=0x00000000024d557b sp=0x00000000022ee6b8 mode 2
Event: 4.634 Thread 0x0000000002393800 DEOPT PACKING pc=0x0000000002c88365 sp=0x00000000022ee590
Event: 4.634 Thread 0x0000000002393800 DEOPT UNPACKING pc=0x00000000024d75d0 sp=0x00000000022ee288 mode 0
Event: 4.952 Thread 0x0000000002393800 Uncommon trap: trap_request=0xffffffde fr.pc=0x00000000030d7284
Event: 4.952 Thread 0x0000000002393800 DEOPT PACKING pc=0x00000000030d7284 sp=0x00000000022ee720
Event: 4.952 Thread 0x0000000002393800 DEOPT UNPACKING pc=0x00000000024d557b sp=0x00000000022ee5f0 mode 2
Event: 4.952 Thread 0x0000000002393800 Uncommon trap: trap_request=0xffffffde fr.pc=0x00000000030a70b0
Event: 4.952 Thread 0x0000000002393800 DEOPT PACKING pc=0x00000000030a70b0 sp=0x00000000022ee8a0
Event: 4.952 Thread 0x0000000002393800 DEOPT UNPACKING pc=0x00000000024d557b sp=0x00000000022ee708 mode 2
Event: 5.064 Executing VM operation: ParallelGCFailedAllocation


Dynamic libraries:
0x00007ff627560000 - 0x00007ff627567000 	C:\Program Files\Android\jdk\microsoft_dist_openjdk_1.8.0.25\bin\javac.exe
0x00007ffef3040000 - 0x00007ffef3230000 	C:\WINDOWS\SYSTEM32\ntdll.dll
0x00007ffef21b0000 - 0x00007ffef2262000 	C:\WINDOWS\System32\KERNEL32.DLL
0x00007ffef0ba0000 - 0x00007ffef0e43000 	C:\WINDOWS\System32\KERNELBASE.dll
0x00007ffec5fe0000 - 0x00007ffec600f000 	C:\Program Files\Android\jdk\microsoft_dist_openjdk_1.8.0.25\bin\jli.dll
0x000000006e3b0000 - 0x000000006e481000 	C:\Program Files\Android\jdk\microsoft_dist_openjdk_1.8.0.25\bin\MSVCR100.dll
0x00007ffef2a40000 - 0x00007ffef2ae3000 	C:\WINDOWS\System32\ADVAPI32.dll
0x00007ffef2780000 - 0x00007ffef281e000 	C:\WINDOWS\System32\msvcrt.dll
0x00007ffef1e20000 - 0x00007ffef1eb7000 	C:\WINDOWS\System32\sechost.dll
0x00007ffef2270000 - 0x00007ffef2390000 	C:\WINDOWS\System32\RPCRT4.dll
0x00007ffef1ec0000 - 0x00007ffef2054000 	C:\WINDOWS\System32\USER32.dll
0x00007ffef1020000 - 0x00007ffef1041000 	C:\WINDOWS\System32\win32u.dll
0x00007ffef2750000 - 0x00007ffef2776000 	C:\WINDOWS\System32\GDI32.dll
0x00007ffedfdc0000 - 0x00007ffee0045000 	C:\WINDOWS\WinSxS\amd64_microsoft.windows.common-controls_6595b64144ccf1df_6.0.18362.476_none_e6c4b11b130f2595\COMCTL32.dll
0x00007ffef0950000 - 0x00007ffef0ae4000 	C:\WINDOWS\System32\gdi32full.dll
0x00007ffef2410000 - 0x00007ffef2746000 	C:\WINDOWS\System32\combase.dll
0x00007ffef1050000 - 0x00007ffef10ee000 	C:\WINDOWS\System32\msvcp_win.dll
0x00007ffef0820000 - 0x00007ffef091a000 	C:\WINDOWS\System32\ucrtbase.dll
0x00007ffef0fa0000 - 0x00007ffef1020000 	C:\WINDOWS\System32\bcryptPrimitives.dll
0x00007ffef2f60000 - 0x00007ffef2f8e000 	C:\WINDOWS\System32\IMM32.DLL
0x000000006e2d0000 - 0x000000006e3a1000 	C:\Program Files\Android\jdk\microsoft_dist_openjdk_1.8.0.25\jre\bin\msvcr100.dll
0x000000006da80000 - 0x000000006e2c5000 	C:\Program Files\Android\jdk\microsoft_dist_openjdk_1.8.0.25\jre\bin\server\jvm.dll
0x00007ffef1940000 - 0x00007ffef1948000 	C:\WINDOWS\System32\PSAPI.DLL
0x00007ffee1510000 - 0x00007ffee1519000 	C:\WINDOWS\SYSTEM32\WSOCK32.dll
0x00007ffee84e0000 - 0x00007ffee84ea000 	C:\WINDOWS\SYSTEM32\VERSION.dll
0x00007ffee6b70000 - 0x00007ffee6b94000 	C:\WINDOWS\SYSTEM32\WINMM.dll
0x00007ffef2060000 - 0x00007ffef20cf000 	C:\WINDOWS\System32\WS2_32.dll
0x00007ffee6b40000 - 0x00007ffee6b6d000 	C:\WINDOWS\SYSTEM32\winmmbase.dll
0x00007ffef07b0000 - 0x00007ffef07fa000 	C:\WINDOWS\System32\cfgmgr32.dll
0x00007ffed04a0000 - 0x00007ffed04af000 	C:\Program Files\Android\jdk\microsoft_dist_openjdk_1.8.0.25\jre\bin\verify.dll
0x00007ffec5f80000 - 0x00007ffec5fa9000 	C:\Program Files\Android\jdk\microsoft_dist_openjdk_1.8.0.25\jre\bin\java.dll
0x00007ffec5f60000 - 0x00007ffec5f76000 	C:\Program Files\Android\jdk\microsoft_dist_openjdk_1.8.0.25\jre\bin\zip.dll
0x00007ffef10f0000 - 0x00007ffef17d5000 	C:\WINDOWS\System32\SHELL32.dll
0x00007ffef1d70000 - 0x00007ffef1e19000 	C:\WINDOWS\System32\shcore.dll
0x00007ffef0030000 - 0x00007ffef07ae000 	C:\WINDOWS\System32\windows.storage.dll
0x00007ffeeff60000 - 0x00007ffeeff7f000 	C:\WINDOWS\System32\profapi.dll
0x00007ffeeff80000 - 0x00007ffeeffca000 	C:\WINDOWS\System32\powrprof.dll
0x00007ffeeff10000 - 0x00007ffeeff20000 	C:\WINDOWS\System32\UMPDC.dll
0x00007ffef20f0000 - 0x00007ffef2142000 	C:\WINDOWS\System32\shlwapi.dll
0x00007ffeeff40000 - 0x00007ffeeff51000 	C:\WINDOWS\System32\kernel.appcore.dll
0x00007ffef0800000 - 0x00007ffef0817000 	C:\WINDOWS\System32\cryptsp.dll
0x00007ffeee660000 - 0x00007ffeee854000 	C:\WINDOWS\SYSTEM32\dbghelp.dll

VM Arguments:
jvm_args: -Dapplication.home=C:\Program Files\Android\jdk\microsoft_dist_openjdk_1.8.0.25 -Xms8m -Dfile.encoding=UTF8 
java_command: com.sun.tools.javac.Main -d obj\Debug\90\android\bin\classes -classpath C:\Program Files (x86)\Microsoft Visual Studio\2019\Professional\Common7\IDE\ReferenceAssemblies\Microsoft\Framework\MonoAndroid\v9.0\mono.android.jar;C:\Program Files (x86)\Microsoft Visual Studio\2019\Professional\MSBuild\Xamarin\Android\java_runtime_fastdev.jar;obj\Debug\90\lp\0\jl\formsviewgroup.jar;obj\Debug\90\lp\1\jl\android.arch.core.common.jar;obj\Debug\90\lp\10\jl\bin\classes.jar;obj\Debug\90\lp\11\jl\com.android.support.collections.jar;obj\Debug\90\lp\12\jl\bin\classes.jar;obj\Debug\90\lp\13\jl\bin\classes.jar;obj\Debug\90\lp\14\jl\bin\classes.jar;obj\Debug\90\lp\15\jl\bin\classes.jar;obj\Debug\90\lp\16\jl\bin\classes.jar;obj\Debug\90\lp\17\jl\bin\classes.jar;obj\Debug\90\lp\18\jl\bin\classes.jar;obj\Debug\90\lp\19\jl\bin\classes.jar;obj\Debug\90\lp\2\jl\bin\classes.jar;obj\Debug\90\lp\20\jl\bin\classes.jar;obj\Debug\90\lp\21\jl\bin\classes.jar;obj\Debug\90\lp\22\jl\bin\classes.jar;obj\Debug\90\lp\23\jl\bin\classes.jar;obj\Debug\90\lp\24\jl\bin\classes.jar;obj\Debug\90\lp\25\jl\bin\classes.jar;obj\Debug\90\lp\26\jl\bin\classes.jar;obj\Debug\90\lp\27\jl\bin\classes.jar;obj\Debug\90\lp\28\jl\bin\classes.jar;obj\Debug\90\lp\29\jl\bin\classes.jar;obj\Debug\90\lp\3\jl\android.arch.lifecycle.common.jar;obj\Debug\90\lp\30\jl\bin\classes.jar;obj\Debug\90\lp\32\jl\bin\classes.jar;obj\Debug\90\lp\33\jl\bin\classes.jar;obj\Debug\90\lp\34\jl\bin\classes.jar;obj\Debug\90\lp\35\jl\bin\classes.jar;obj\Debug\90\lp\36\jl\bin\classes.jar;obj\Debug\90\lp\37\jl\bin\classes.jar;obj\Debug\90\lp\4\jl\bin\classes.jar;obj\Debug\90\lp\5\jl\bin\classes.jar;obj\Debug\90\lp\6\jl\bin\classes.jar;obj\Debug\90\lp\7\jl\bin\classes.jar;obj\Debug\90\lp\8\jl\bin\classes.jar;obj\Debug\90\lp\9\jl\com.android.support.support-annotations.jar -bootclasspath C:\Program Files (x86)\Android\android-sdk\platforms\android-28\android.jar -encoding UTF-8 @C:\Users\dojeda\AppData\Local\Temp\tmp7924.tmp
java_class_path (initial): C:\Program Files\Android\jdk\microsoft_dist_openjdk_1.8.0.25/lib/tools.jar;C:\Program Files\Android\jdk\microsoft_dist_openjdk_1.8.0.25/classes
Launcher Type: SUN_STANDARD

Environment Variables:
JAVA_HOME=C:\Program Files\Android\jdk\microsoft_dist_openjdk_1.8.0.25
PATH=C:\Program Files\Android\jdk\microsoft_dist_openjdk_1.8.0.25\bin;C:\ProgramData\Oracle\Java\javapath;C:\Program Files (x86)\Intel\iCLS Client\;C:\Program Files\Intel\iCLS Client\;C:\WINDOWS\system32;C:\WINDOWS;C:\WINDOWS\System32\Wbem;C:\WINDOWS\System32\WindowsPowerShell\v1.0\;C:\Program Files\Intel\Intel(R) Management Engine Components\DAL;C:\Program Files\Intel\Intel(R) Management Engine Components\IPT;C:\Program Files (x86)\Intel\Intel(R) Management Engine Components\DAL;C:\Program Files (x86)\Intel\Intel(R) Management Engine Components\IPT;C:\ProgramData\Lenovo\ReadyApps;C:\Program Files\Intel\WiFi\bin\;C:\Program Files\Common Files\Intel\WirelessCommon\;C:\Program Files\Microsoft SQL Server\120\Tools\Binn\;C:\Program Files\Microsoft SQL Server\130\Tools\Binn\;C:\Program Files\Microsoft SQL Server\Client SDK\ODBC\110\Tools\Binn\;C:\Program Files (x86)\Microsoft SQL Server\120\Tools\Binn\;C:\Program Files\Microsoft SQL Server\120\DTS\Binn\;C:\Program Files (x86)\Microsoft SQL Server\120\Tools\Binn\ManagementStudio\;C:\Program Files (x86)\Microsoft SQL Server\120\DTS\Binn\;C:\WINDOWS\System32\OpenSSH\;C:\Program Files (x86)\Microsoft Emulator Manager\1.0\;C:\Program Files\dotnet\;C:\Program Files (x86)\Java\jdk1.8.0_181\bin;C:\Program Files\Git\cmd;C:\Program Files\Microsoft SQL Server\Client SDK\ODBC\170\Tools\Binn\;C:\Program Files\nodejs\;C:\Program Files (x86)\Yarn\bin\;C:\Users\dojeda\AppData\Local\Microsoft\WindowsApps;C:\Users\dojeda\.dotnet\tools;C:\Users\dojeda\AppData\Local\Programs\Fiddler;C:\Users\dojeda\AppData\Local\atom\bin;C:\Users\dojeda\AppData\Roaming\npm;C:\Users\dojeda\AppData\Local\Yarn\bin;C:\Users\dojeda\AppData\Local\Programs\Microsoft VS Code\bin;C:\Users\dojeda\AppData\Local\Microsoft\WindowsApps;
USERNAME=dojeda
OS=Windows_NT
PROCESSOR_IDENTIFIER=Intel64 Family 6 Model 60 Stepping 3, GenuineIntel



---------------  S Y S T E M  ---------------

OS: Windows 10.0 , 64 bit Build 18362 (10.0.18362.329)

CPU:total 4 (initial active 4) (4 cores per cpu, 1 threads per core) family 6 model 60 stepping 3, cmov, cx8, fxsr, mmx, sse, sse2, sse3, ssse3, sse4.1, sse4.2, popcnt, avx, avx2, aes, clmul, erms, lzcnt, tsc, tscinvbit, bmi1, bmi2

Memory: 4k page, physical 16664336k(6178104k free), swap 19810064k(5598660k free)

vm_info: OpenJDK 64-Bit Server VM (25.71-b00) for windows-amd64 JRE (1.8.0-25-microsoft-b00), built on Feb  7 2019 20:09:14 by "builder" with MS VC++ 10.0 (VS2010)

time: Thu Nov 14 16:55:59 2019
timezone: Hora estándar romance
elapsed time: 5 seconds (0d 0h 0m 5s)

